2024-05-21 14:58:52,384 - DEBUG - module_setup
2024-05-21 14:58:52,385 - DEBUG - PumpOn:manual
2024-05-21 14:58:53,389 - DEBUG - SMART POT START
2024-05-21 14:58:53,392 - DEBUG - SMART POT START
2024-05-21 14:58:53,398 - DEBUG - LedOn: Auto
2024-05-21 14:58:53,403 - DEBUG - Starting new HTTP connection (1): ceprj.gachon.ac.kr:60007
2024-05-21 15:01:34,225 - DEBUG - module_setup
2024-05-21 15:01:34,225 - DEBUG - PumpOn:manual
2024-05-21 15:01:35,228 - DEBUG - SMART POT START
2024-05-21 15:01:35,231 - DEBUG - SMART POT START
2024-05-21 15:01:35,237 - DEBUG - LedOn: Auto
2024-05-21 15:01:35,243 - DEBUG - Starting new HTTP connection (1): ceprj.gachon.ac.kr:60007
2024-05-21 15:02:56,945 - DEBUG - module_setup
2024-05-21 15:02:56,946 - DEBUG - PumpOn:manual
2024-05-21 15:02:57,948 - DEBUG - SMART POT START
2024-05-21 15:02:57,952 - DEBUG - SMART POT START
2024-05-21 15:02:57,958 - DEBUG - LedOn: Auto
2024-05-21 15:02:57,964 - DEBUG - Starting new HTTP connection (1): ceprj.gachon.ac.kr:60007
2024-05-21 15:02:58,074 - DEBUG - http://ceprj.gachon.ac.kr:60007 "POST /api/logs/actuator-log HTTP/1.1" 500 68
2024-05-21 15:03:03,620 - DEBUG - Starting new HTTP connection (1): ceprj.gachon.ac.kr:60007
2024-05-21 15:03:03,764 - DEBUG - http://ceprj.gachon.ac.kr:60007 "POST /api/logs/sensor-logs HTTP/1.1" 201 25
2024-05-21 15:03:03,775 - DEBUG - Starting new HTTP connection (1): ceprj.gachon.ac.kr:60007
2024-05-21 15:03:03,912 - DEBUG - http://ceprj.gachon.ac.kr:60007 "POST /api/logs/sensor-logs HTTP/1.1" 201 25
2024-05-21 15:03:03,920 - DEBUG - Starting new HTTP connection (1): ceprj.gachon.ac.kr:60007
2024-05-21 15:03:04,101 - DEBUG - http://ceprj.gachon.ac.kr:60007 "POST /api/logs/sensor-logs HTTP/1.1" 201 25
2024-05-21 15:03:04,112 - DEBUG - Starting new HTTP connection (1): ceprj.gachon.ac.kr:60007
2024-05-21 15:03:04,208 - DEBUG - http://ceprj.gachon.ac.kr:60007 "POST /api/logs/sensor-logs HTTP/1.1" 201 25
2024-05-21 15:03:04,217 - DEBUG - Starting new HTTP connection (1): ceprj.gachon.ac.kr:60007
2024-05-21 15:03:04,340 - DEBUG - http://ceprj.gachon.ac.kr:60007 "POST /api/logs/actuator-log HTTP/1.1" 500 68
2024-05-21 15:03:04,346 - DEBUG - FanOn:temp_high
2024-05-21 15:03:05,702 - DEBUG - SMART POT CONNETED
2024-05-21 15:03:05,799 - DEBUG - SMART POT CONNETED
2024-05-21 15:03:05,945 - DEBUG - SMART POT CONNETED
2024-05-21 15:03:06,482 - DEBUG - SMART POT CONNETED
2024-05-21 15:03:07,164 - DEBUG - SMART POT CONNETED
2024-05-21 15:03:07,846 - DEBUG - SMART POT CONNETED
2024-05-21 15:03:08,723 - DEBUG - SMART POT CONNETED
2024-05-21 15:03:09,260 - DEBUG - SMART POT CONNETED
2024-05-21 15:03:09,796 - DEBUG - SMART POT CONNETED
2024-05-21 15:03:10,332 - DEBUG - SMART POT CONNETED
2024-05-21 15:03:10,868 - DEBUG - SMART POT CONNETED
2024-05-21 15:03:11,404 - DEBUG - SMART POT CONNETED
2024-05-21 15:03:12,087 - DEBUG - SMART POT CONNETED
2024-05-21 15:03:12,720 - DEBUG - SMART POT CONNETED
2024-05-21 15:03:13,743 - DEBUG - SMART POT CONNETED
2024-05-21 15:03:14,280 - DEBUG - SMART POT CONNETED
2024-05-21 15:03:14,962 - DEBUG - SMART POT CONNETED
2024-05-21 15:03:15,498 - DEBUG - SMART POT CONNETED
2024-05-21 15:03:16,034 - DEBUG - SMART POT CONNETED
2024-05-21 15:03:30,128 - DEBUG - SMART POT STOP
2024-05-21 15:03:30,130 - DEBUG - HumiOff:manual
2024-05-21 15:03:41,435 - DEBUG - module_setup
2024-05-21 15:03:41,435 - DEBUG - PumpOn:manual
2024-05-21 15:03:42,438 - DEBUG - SMART POT START
2024-05-21 15:03:42,442 - DEBUG - SMART POT START
2024-05-21 15:03:42,450 - DEBUG - LedOn: Auto
2024-05-21 15:03:42,455 - DEBUG - Starting new HTTP connection (1): ceprj.gachon.ac.kr:60007
2024-05-21 15:03:42,616 - DEBUG - http://ceprj.gachon.ac.kr:60007 "POST /api/logs/actuator-log HTTP/1.1" 500 68
2024-05-21 15:03:48,158 - DEBUG - Starting new HTTP connection (1): ceprj.gachon.ac.kr:60007
2024-05-21 15:03:48,316 - DEBUG - http://ceprj.gachon.ac.kr:60007 "POST /api/logs/sensor-logs HTTP/1.1" 201 25
2024-05-21 15:03:48,325 - DEBUG - Starting new HTTP connection (1): ceprj.gachon.ac.kr:60007
2024-05-21 15:03:48,500 - DEBUG - http://ceprj.gachon.ac.kr:60007 "POST /api/logs/sensor-logs HTTP/1.1" 201 25
2024-05-21 15:03:48,510 - DEBUG - Starting new HTTP connection (1): ceprj.gachon.ac.kr:60007
2024-05-21 15:03:48,623 - DEBUG - http://ceprj.gachon.ac.kr:60007 "POST /api/logs/sensor-logs HTTP/1.1" 201 25
2024-05-21 15:03:48,631 - DEBUG - Starting new HTTP connection (1): ceprj.gachon.ac.kr:60007
2024-05-21 15:03:48,726 - DEBUG - http://ceprj.gachon.ac.kr:60007 "POST /api/logs/sensor-logs HTTP/1.1" 201 25
2024-05-21 15:03:48,735 - DEBUG - Starting new HTTP connection (1): ceprj.gachon.ac.kr:60007
2024-05-21 15:03:48,839 - DEBUG - http://ceprj.gachon.ac.kr:60007 "POST /api/logs/actuator-log HTTP/1.1" 500 68
2024-05-21 15:03:48,843 - DEBUG - FanOn:temp_high
2024-05-21 15:04:36,735 - DEBUG - SMART POT CONNETED
2024-05-21 15:04:36,833 - DEBUG - SMART POT CONNETED
2024-05-21 15:04:36,931 - DEBUG - SMART POT CONNETED
2024-05-21 15:04:37,613 - DEBUG - SMART POT CONNETED
2024-05-21 15:04:38,345 - DEBUG - SMART POT CONNETED
2024-05-21 15:04:38,881 - DEBUG - SMART POT CONNETED
2024-05-21 15:04:39,418 - DEBUG - SMART POT CONNETED
2024-05-21 15:04:40,100 - DEBUG - SMART POT CONNETED
2024-05-21 15:04:40,637 - DEBUG - SMART POT CONNETED
2024-05-21 15:04:41,173 - DEBUG - SMART POT CONNETED
2024-05-21 15:04:41,709 - DEBUG - SMART POT CONNETED
2024-05-21 15:04:42,246 - DEBUG - SMART POT CONNETED
2024-05-21 15:04:43,270 - DEBUG - SMART POT CONNETED
2024-05-21 15:04:43,953 - DEBUG - SMART POT CONNETED
2024-05-21 15:04:44,489 - DEBUG - SMART POT CONNETED
2024-05-21 15:04:45,025 - DEBUG - SMART POT CONNETED
2024-05-21 15:04:45,708 - DEBUG - SMART POT CONNETED
2024-05-21 15:04:46,391 - DEBUG - SMART POT CONNETED
2024-05-21 15:04:46,976 - DEBUG - SMART POT CONNETED
2024-05-21 15:04:48,159 - DEBUG - SMART POT CONNETED
2024-05-21 15:04:48,829 - DEBUG - SMART POT CONNETED
2024-05-21 15:04:49,512 - DEBUG - SMART POT CONNETED
2024-05-21 15:04:50,194 - DEBUG - SMART POT CONNETED
2024-05-21 15:05:08,168 - DEBUG - Starting new HTTP connection (1): ceprj.gachon.ac.kr:60007
2024-05-21 15:05:08,426 - DEBUG - http://ceprj.gachon.ac.kr:60007 "POST /api/logs/actuator-log HTTP/1.1" 500 68
2024-05-21 15:05:08,430 - DEBUG - FanOff:temp_normal
2024-05-21 15:03:53,478 - DEBUG - module_setup
2024-05-21 15:03:53,479 - DEBUG - PumpOn:manual
2024-05-21 15:03:54,485 - DEBUG - SMART POT START
2024-05-21 15:03:54,489 - DEBUG - SMART POT START
2024-05-21 15:03:54,495 - DEBUG - LedOn: Auto
2024-05-21 15:03:54,505 - DEBUG - Starting new HTTP connection (1): ceprj.gachon.ac.kr:60007
2024-05-21 15:07:02,868 - DEBUG - module_setup
2024-05-21 15:07:02,869 - DEBUG - PumpOn:manual
2024-05-21 15:07:03,876 - DEBUG - SMART POT START
2024-05-21 15:07:03,880 - DEBUG - SMART POT START
2024-05-21 15:07:03,886 - DEBUG - LedOn: Auto
2024-05-21 15:07:03,897 - DEBUG - Starting new HTTP connection (1): ceprj.gachon.ac.kr:60007
2024-05-21 15:07:04,169 - DEBUG - http://ceprj.gachon.ac.kr:60007 "POST /api/logs/actuator-log HTTP/1.1" 500 68
2024-05-21 15:07:09,714 - DEBUG - Starting new HTTP connection (1): ceprj.gachon.ac.kr:60007
2024-05-21 15:07:09,828 - DEBUG - http://ceprj.gachon.ac.kr:60007 "POST /api/logs/sensor-logs HTTP/1.1" 201 25
2024-05-21 15:07:09,834 - DEBUG - Starting new HTTP connection (1): ceprj.gachon.ac.kr:60007
2024-05-21 15:07:09,928 - DEBUG - http://ceprj.gachon.ac.kr:60007 "POST /api/logs/sensor-logs HTTP/1.1" 201 25
2024-05-21 15:07:09,936 - DEBUG - Starting new HTTP connection (1): ceprj.gachon.ac.kr:60007
2024-05-21 15:07:10,046 - DEBUG - http://ceprj.gachon.ac.kr:60007 "POST /api/logs/sensor-logs HTTP/1.1" 201 25
2024-05-21 15:07:10,054 - DEBUG - Starting new HTTP connection (1): ceprj.gachon.ac.kr:60007
2024-05-21 15:07:10,149 - DEBUG - http://ceprj.gachon.ac.kr:60007 "POST /api/logs/sensor-logs HTTP/1.1" 201 25
2024-05-21 15:08:29,787 - DEBUG - SMART POT CONNETED
2024-05-21 15:08:29,885 - DEBUG - SMART POT CONNETED
2024-05-21 15:08:29,982 - DEBUG - SMART POT CONNETED
2024-05-21 15:08:30,518 - DEBUG - SMART POT CONNETED
2024-05-21 15:08:31,201 - DEBUG - SMART POT CONNETED
2024-05-21 15:08:31,883 - DEBUG - SMART POT CONNETED
2024-05-21 15:08:32,614 - DEBUG - SMART POT CONNETED
2024-05-21 15:08:33,151 - DEBUG - SMART POT CONNETED
2024-05-21 15:08:33,687 - DEBUG - SMART POT CONNETED
2024-05-21 15:08:34,223 - DEBUG - SMART POT CONNETED
2024-05-21 15:08:34,759 - DEBUG - SMART POT CONNETED
2024-05-21 15:08:35,295 - DEBUG - SMART POT CONNETED
2024-05-21 15:08:35,832 - DEBUG - SMART POT CONNETED
2024-05-21 15:08:36,368 - DEBUG - SMART POT CONNETED
2024-05-21 15:08:36,904 - DEBUG - SMART POT CONNETED
2024-05-21 15:08:37,587 - DEBUG - SMART POT CONNETED
2024-05-21 15:08:38,123 - DEBUG - SMART POT CONNETED
2024-05-21 15:08:38,805 - DEBUG - SMART POT CONNETED
2024-05-21 15:08:39,488 - DEBUG - SMART POT CONNETED
2024-05-21 15:08:40,122 - DEBUG - SMART POT CONNETED
2024-05-21 15:08:40,658 - DEBUG - SMART POT CONNETED
2024-05-21 15:08:41,292 - DEBUG - SMART POT CONNETED
2024-05-21 15:08:41,828 - DEBUG - SMART POT CONNETED
2024-05-21 15:09:04,568 - DEBUG - SMART POT CONNETED
2024-05-21 15:09:04,666 - DEBUG - SMART POT CONNETED
2024-05-21 15:09:04,763 - DEBUG - SMART POT CONNETED
2024-05-21 15:09:05,445 - DEBUG - SMART POT CONNETED
2024-05-21 15:09:05,982 - DEBUG - SMART POT CONNETED
2024-05-21 15:09:06,567 - DEBUG - SMART POT CONNETED
2024-05-21 15:09:07,536 - DEBUG - SMART POT CONNETED
2024-05-21 15:09:08,127 - DEBUG - SMART POT CONNETED
2024-05-21 15:09:08,663 - DEBUG - SMART POT CONNETED
2024-05-21 15:09:09,199 - DEBUG - SMART POT CONNETED
2024-05-21 15:09:09,735 - DEBUG - SMART POT CONNETED
2024-05-21 15:09:10,272 - DEBUG - SMART POT CONNETED
2024-05-21 15:09:10,808 - DEBUG - SMART POT CONNETED
2024-05-21 15:09:11,490 - DEBUG - SMART POT CONNETED
2024-05-21 15:09:12,537 - DEBUG - SMART POT CONNETED
2024-05-21 15:09:12,612 - DEBUG - LedOn:manual
2024-05-21 15:09:13,148 - DEBUG - SMART POT CONNETED
2024-05-21 15:09:13,830 - DEBUG - SMART POT CONNETED
2024-05-21 15:09:14,513 - DEBUG - SMART POT CONNETED
2024-05-21 15:09:15,195 - DEBUG - SMART POT CONNETED
2024-05-21 15:09:15,878 - DEBUG - SMART POT CONNETED
2024-05-21 15:09:16,560 - DEBUG - SMART POT CONNETED
2024-05-21 15:10:26,277 - DEBUG - SMART POT STOP
2024-05-21 15:10:26,279 - DEBUG - HumiOff:manual
2024-05-21 15:10:53,248 - DEBUG - module_setup
2024-05-21 15:10:53,249 - DEBUG - PumpOn:manual
2024-05-21 15:10:54,252 - DEBUG - SMART POT START
2024-05-21 15:10:54,255 - DEBUG - SMART POT START
2024-05-21 15:10:54,259 - DEBUG - FanOff:manual
2024-05-21 15:10:54,259 - DEBUG - HumiOff:manual
2024-05-21 15:10:54,259 - DEBUG - LedOn:manual
2024-05-21 15:10:54,262 - DEBUG - BrightChange:manual
2024-05-21 15:10:59,807 - DEBUG - Starting new HTTP connection (1): ceprj.gachon.ac.kr:60007
2024-05-21 15:10:59,918 - DEBUG - http://ceprj.gachon.ac.kr:60007 "POST /api/logs/sensor-logs HTTP/1.1" 201 25
2024-05-21 15:10:59,925 - DEBUG - Starting new HTTP connection (1): ceprj.gachon.ac.kr:60007
2024-05-21 15:11:00,020 - DEBUG - http://ceprj.gachon.ac.kr:60007 "POST /api/logs/sensor-logs HTTP/1.1" 201 25
2024-05-21 15:11:00,028 - DEBUG - Starting new HTTP connection (1): ceprj.gachon.ac.kr:60007
2024-05-21 15:11:00,157 - DEBUG - http://ceprj.gachon.ac.kr:60007 "POST /api/logs/sensor-logs HTTP/1.1" 201 25
2024-05-21 15:11:00,166 - DEBUG - Starting new HTTP connection (1): ceprj.gachon.ac.kr:60007
2024-05-21 15:11:00,387 - DEBUG - http://ceprj.gachon.ac.kr:60007 "POST /api/logs/sensor-logs HTTP/1.1" 201 25
2024-05-21 15:11:08,953 - DEBUG - SMART POT CONNETED
2024-05-21 15:11:09,051 - DEBUG - SMART POT CONNETED
2024-05-21 15:11:09,148 - DEBUG - SMART POT CONNETED
2024-05-21 15:11:09,879 - DEBUG - SMART POT CONNETED
2024-05-21 15:11:10,415 - DEBUG - SMART POT CONNETED
2024-05-21 15:11:10,952 - DEBUG - SMART POT CONNETED
2024-05-21 15:11:11,488 - DEBUG - SMART POT CONNETED
2024-05-21 15:11:12,024 - DEBUG - SMART POT CONNETED
2024-05-21 15:11:12,560 - DEBUG - SMART POT CONNETED
2024-05-21 15:11:13,097 - DEBUG - SMART POT CONNETED
2024-05-21 15:11:13,731 - DEBUG - SMART POT CONNETED
2024-05-21 15:11:14,268 - DEBUG - SMART POT CONNETED
2024-05-21 15:11:14,803 - DEBUG - Starting new HTTP connection (1): ceprj.gachon.ac.kr:60007
2024-05-21 15:11:14,936 - DEBUG - http://ceprj.gachon.ac.kr:60007 "POST /api/logs/actuator-log HTTP/1.1" 500 68
2024-05-21 15:11:14,939 - DEBUG - FanOn:humi_high
2024-05-21 15:11:15,389 - DEBUG - SMART POT CONNETED
2024-05-21 15:11:16,072 - DEBUG - SMART POT CONNETED
2024-05-21 15:11:16,754 - DEBUG - SMART POT CONNETED
2024-05-21 15:11:17,437 - DEBUG - SMART POT CONNETED
2024-05-21 15:11:18,119 - DEBUG - SMART POT CONNETED
2024-05-21 15:11:18,802 - DEBUG - SMART POT CONNETED
2024-05-21 15:11:19,972 - DEBUG - SMART POT CONNETED
2024-05-21 15:11:20,070 - DEBUG - HumiOn:manual
2024-05-21 15:11:20,606 - DEBUG - SMART POT CONNETED
2024-05-21 15:11:21,142 - DEBUG - SMART POT CONNETED
2024-05-21 15:11:21,825 - DEBUG - SMART POT CONNETED
2024-05-21 15:11:22,507 - DEBUG - SMART POT CONNETED
2024-05-21 15:13:11,323 - DEBUG - SMART POT STOP
2024-05-21 15:13:11,325 - DEBUG - HumiOff:manual
2024-05-21 15:13:54,055 - DEBUG - module_setup
2024-05-21 15:13:54,055 - DEBUG - PumpOn:manual
2024-05-21 15:13:55,058 - DEBUG - SMART POT START
2024-05-21 15:13:55,061 - DEBUG - SMART POT START
2024-05-21 15:13:55,065 - DEBUG - FanOff:manual
2024-05-21 15:13:55,066 - DEBUG - HumiOn:manual
2024-05-21 15:13:55,066 - DEBUG - LedOff:manual
2024-05-21 15:14:00,615 - DEBUG - Starting new HTTP connection (1): ceprj.gachon.ac.kr:60007
2024-05-21 15:14:00,773 - DEBUG - http://ceprj.gachon.ac.kr:60007 "POST /api/logs/sensor-logs HTTP/1.1" 201 25
2024-05-21 15:14:00,783 - DEBUG - Starting new HTTP connection (1): ceprj.gachon.ac.kr:60007
2024-05-21 15:14:00,903 - DEBUG - http://ceprj.gachon.ac.kr:60007 "POST /api/logs/sensor-logs HTTP/1.1" 201 25
2024-05-21 15:14:00,912 - DEBUG - Starting new HTTP connection (1): ceprj.gachon.ac.kr:60007
2024-05-21 15:14:01,133 - DEBUG - http://ceprj.gachon.ac.kr:60007 "POST /api/logs/sensor-logs HTTP/1.1" 201 25
2024-05-21 15:14:01,143 - DEBUG - Starting new HTTP connection (1): ceprj.gachon.ac.kr:60007
2024-05-21 15:14:01,234 - DEBUG - http://ceprj.gachon.ac.kr:60007 "POST /api/logs/sensor-logs HTTP/1.1" 201 25
2024-05-21 15:14:25,686 - DEBUG - SMART POT CONNETED
2024-05-21 15:14:25,784 - DEBUG - SMART POT CONNETED
2024-05-21 15:14:25,882 - DEBUG - SMART POT CONNETED
2024-05-21 15:14:26,564 - DEBUG - SMART POT CONNETED
2024-05-21 15:14:27,100 - DEBUG - SMART POT CONNETED
2024-05-21 15:14:27,637 - DEBUG - SMART POT CONNETED
2024-05-21 15:14:28,173 - DEBUG - SMART POT CONNETED
2024-05-21 15:14:28,709 - DEBUG - SMART POT CONNETED
2024-05-21 15:14:29,245 - DEBUG - SMART POT CONNETED
2024-05-21 15:14:29,781 - DEBUG - SMART POT CONNETED
2024-05-21 15:14:30,659 - DEBUG - SMART POT CONNETED
2024-05-21 15:14:31,341 - DEBUG - SMART POT CONNETED
2024-05-21 15:14:31,877 - DEBUG - SMART POT CONNETED
2024-05-21 15:14:32,414 - DEBUG - SMART POT CONNETED
2024-05-21 15:14:32,950 - DEBUG - SMART POT CONNETED
2024-05-21 15:14:33,633 - DEBUG - SMART POT CONNETED
2024-05-21 15:14:34,169 - DEBUG - SMART POT CONNETED
2024-05-21 15:14:34,705 - DEBUG - SMART POT CONNETED
2024-05-21 15:14:35,729 - DEBUG - SMART POT CONNETED
2024-05-21 15:14:36,509 - DEBUG - SMART POT CONNETED
2024-05-21 15:14:37,191 - DEBUG - SMART POT CONNETED
2024-05-21 15:14:37,874 - DEBUG - SMART POT CONNETED
2024-05-21 15:14:38,556 - DEBUG - SMART POT CONNETED
2024-05-21 15:17:33,847 - DEBUG - SMART POT STOP
2024-05-21 15:17:33,850 - DEBUG - HumiOff:manual
2024-05-21 15:45:48,010 - DEBUG - module_setup
2024-05-21 15:45:48,010 - DEBUG - PumpOn:manual
2024-05-21 15:45:49,014 - DEBUG - SMART POT START
2024-05-21 15:45:49,017 - DEBUG - SMART POT START
2024-05-21 15:45:49,024 - DEBUG - FanOff:manual
2024-05-21 15:45:49,024 - DEBUG - HumiOn:manual
2024-05-21 15:45:49,024 - DEBUG - LedOff:manual
2024-05-21 15:45:54,569 - DEBUG - Starting new HTTP connection (1): ceprj.gachon.ac.kr:60007
2024-05-21 15:45:54,719 - DEBUG - http://ceprj.gachon.ac.kr:60007 "POST /api/logs/sensor-logs HTTP/1.1" 201 25
2024-05-21 15:45:54,728 - DEBUG - Starting new HTTP connection (1): ceprj.gachon.ac.kr:60007
2024-05-21 15:45:54,807 - DEBUG - http://ceprj.gachon.ac.kr:60007 "POST /api/logs/sensor-logs HTTP/1.1" 201 25
2024-05-21 15:45:54,816 - DEBUG - Starting new HTTP connection (1): ceprj.gachon.ac.kr:60007
2024-05-21 15:45:54,946 - DEBUG - http://ceprj.gachon.ac.kr:60007 "POST /api/logs/sensor-logs HTTP/1.1" 201 25
2024-05-21 15:45:54,954 - DEBUG - Starting new HTTP connection (1): ceprj.gachon.ac.kr:60007
2024-05-21 15:45:55,063 - DEBUG - http://ceprj.gachon.ac.kr:60007 "POST /api/logs/sensor-logs HTTP/1.1" 201 25
2024-05-21 15:46:02,403 - DEBUG - SMART POT CONNETED
2024-05-21 15:46:02,501 - DEBUG - SMART POT CONNETED
2024-05-21 15:46:03,086 - DEBUG - SMART POT CONNETED
2024-05-21 15:46:03,622 - DEBUG - SMART POT CONNETED
2024-05-21 15:46:04,646 - DEBUG - SMART POT CONNETED
2024-05-21 15:46:05,182 - DEBUG - SMART POT CONNETED
2024-05-21 15:46:05,767 - DEBUG - SMART POT CONNETED
2024-05-21 15:46:06,450 - DEBUG - SMART POT CONNETED
2024-05-21 15:46:06,986 - DEBUG - SMART POT CONNETED
2024-05-21 15:46:07,522 - DEBUG - SMART POT CONNETED
2024-05-21 15:46:08,058 - DEBUG - SMART POT CONNETED
2024-05-21 15:46:08,595 - DEBUG - SMART POT CONNETED
2024-05-21 15:46:09,562 - DEBUG - Starting new HTTP connection (1): ceprj.gachon.ac.kr:60007
2024-05-21 15:46:09,716 - DEBUG - SMART POT CONNETED
2024-05-21 15:46:09,780 - DEBUG - http://ceprj.gachon.ac.kr:60007 "POST /api/logs/actuator-log HTTP/1.1" 500 68
2024-05-21 15:46:09,786 - DEBUG - FanOn:humi_high
2024-05-21 15:46:09,793 - DEBUG - Starting new HTTP connection (1): ceprj.gachon.ac.kr:60007
2024-05-21 15:46:09,883 - DEBUG - http://ceprj.gachon.ac.kr:60007 "POST /api/logs/actuator-log HTTP/1.1" 500 68
2024-05-21 15:46:09,886 - DEBUG - HumiOff:humi_high
2024-05-21 15:46:10,350 - DEBUG - SMART POT CONNETED
2024-05-21 15:46:10,886 - DEBUG - SMART POT CONNETED
2024-05-21 15:46:11,569 - DEBUG - SMART POT CONNETED
2024-05-21 15:46:12,252 - DEBUG - SMART POT CONNETED
2024-05-21 15:46:12,934 - DEBUG - SMART POT CONNETED
2024-05-21 15:46:13,519 - DEBUG - SMART POT CONNETED
2024-05-21 15:46:14,688 - DEBUG - SMART POT CONNETED
2024-05-21 15:46:15,371 - DEBUG - SMART POT CONNETED
2024-05-21 15:46:16,054 - DEBUG - SMART POT CONNETED
2024-05-21 15:46:16,736 - DEBUG - SMART POT CONNETED
2024-05-21 15:48:44,702 - DEBUG - SMART POT CONNETED
2024-05-21 15:48:44,800 - DEBUG - SMART POT CONNETED
2024-05-21 15:48:45,336 - DEBUG - SMART POT CONNETED
2024-05-21 15:48:46,018 - DEBUG - SMART POT CONNETED
2024-05-21 15:48:46,701 - DEBUG - SMART POT CONNETED
2024-05-21 15:48:47,383 - DEBUG - SMART POT CONNETED
2024-05-21 15:48:48,066 - DEBUG - SMART POT CONNETED
2024-05-21 15:48:48,748 - DEBUG - SMART POT CONNETED
2024-05-21 15:48:49,772 - DEBUG - SMART POT CONNETED
2024-05-21 15:48:50,455 - DEBUG - SMART POT CONNETED
2024-05-21 15:48:51,088 - DEBUG - SMART POT CONNETED
2024-05-21 15:48:51,771 - DEBUG - SMART POT CONNETED
2024-05-21 15:48:52,453 - DEBUG - SMART POT CONNETED
2024-05-21 15:48:52,989 - DEBUG - SMART POT CONNETED
2024-05-21 15:48:53,672 - DEBUG - SMART POT CONNETED
2024-05-21 15:48:54,647 - DEBUG - SMART POT CONNETED
2024-05-21 15:48:55,232 - DEBUG - SMART POT CONNETED
2024-05-21 15:48:55,768 - DEBUG - SMART POT CONNETED
2024-05-21 15:48:55,866 - DEBUG - SMART POT CONNETED
2024-05-21 15:49:05,471 - DEBUG - LedOn:manual
2024-05-21 15:49:06,202 - DEBUG - LedOff:manual
2024-05-21 15:49:06,787 - DEBUG - FanOn:manual
2024-05-21 15:49:07,518 - DEBUG - FanOff:manual
2024-05-21 15:49:08,542 - DEBUG - HumiOn:manual
2024-05-21 15:49:09,587 - DEBUG - HumiOff:manual
2024-05-21 15:49:14,636 - DEBUG - HumiOn:manual
2024-05-21 15:49:15,221 - DEBUG - HumiOff:manual
2024-05-21 15:49:18,390 - DEBUG - FanOn:manual
2024-05-21 15:49:18,975 - DEBUG - FanOff:manual
2024-05-21 15:49:26,726 - DEBUG - FanOn:manual
2024-05-21 15:49:27,457 - DEBUG - FanOff:manual
2024-05-21 15:49:29,944 - DEBUG - FanOn:manual
2024-05-21 15:49:33,308 - DEBUG - FanOff:manual
2024-05-21 15:49:34,624 - DEBUG - LedOn:manual
2024-05-21 15:49:35,403 - DEBUG - LedOff:manual
2024-05-21 15:49:38,621 - DEBUG - FanOn:manual
2024-05-21 15:49:39,592 - DEBUG - FanOff:manual
2024-05-21 15:49:40,279 - DEBUG - HumiOn:manual
2024-05-21 15:49:41,010 - DEBUG - HumiOff:manual
2024-05-21 15:50:07,778 - DEBUG - SMART POT CONNETED
2024-05-21 15:50:07,876 - DEBUG - SMART POT CONNETED
2024-05-21 15:50:08,412 - DEBUG - SMART POT CONNETED
2024-05-21 15:50:09,597 - DEBUG - SMART POT CONNETED
2024-05-21 15:50:10,264 - DEBUG - SMART POT CONNETED
2024-05-21 15:50:10,947 - DEBUG - SMART POT CONNETED
2024-05-21 15:50:11,629 - DEBUG - SMART POT CONNETED
2024-05-21 15:50:12,312 - DEBUG - SMART POT CONNETED
2024-05-21 15:50:12,994 - DEBUG - SMART POT CONNETED
2024-05-21 15:50:13,580 - DEBUG - SMART POT CONNETED
2024-05-21 15:50:14,598 - DEBUG - SMART POT CONNETED
2024-05-21 15:50:15,286 - DEBUG - SMART POT CONNETED
2024-05-21 15:50:15,968 - DEBUG - SMART POT CONNETED
2024-05-21 15:50:16,699 - DEBUG - SMART POT CONNETED
2024-05-21 15:50:17,382 - DEBUG - SMART POT CONNETED
2024-05-21 15:50:18,064 - DEBUG - SMART POT CONNETED
2024-05-21 15:50:18,747 - DEBUG - SMART POT CONNETED
2024-05-21 15:50:19,771 - DEBUG - SMART POT CONNETED
2024-05-21 15:50:20,453 - DEBUG - SMART POT CONNETED
2024-05-21 15:50:21,136 - DEBUG - SMART POT CONNETED
2024-05-21 15:50:21,233 - DEBUG - SMART POT CONNETED
2024-05-21 15:50:30,301 - DEBUG - LedOn:manual
2024-05-21 15:50:30,887 - DEBUG - LedOff:manual
2024-05-21 15:50:31,764 - DEBUG - FanOn:manual
2024-05-21 15:50:32,203 - DEBUG - FanOff:manual
2024-05-21 15:50:32,934 - DEBUG - HumiOn:manual
2024-05-21 15:50:33,177 - DEBUG - HumiOff:manual
2024-05-21 15:50:47,213 - DEBUG - SMART POT CONNETED
2024-05-21 15:50:47,311 - DEBUG - SMART POT CONNETED
2024-05-21 15:50:47,895 - DEBUG - SMART POT CONNETED
2024-05-21 15:50:48,431 - DEBUG - SMART POT CONNETED
2024-05-21 15:50:49,602 - DEBUG - SMART POT CONNETED
2024-05-21 15:50:50,138 - DEBUG - SMART POT CONNETED
2024-05-21 15:50:50,723 - DEBUG - SMART POT CONNETED
2024-05-21 15:50:51,259 - DEBUG - SMART POT CONNETED
2024-05-21 15:50:51,795 - DEBUG - SMART POT CONNETED
2024-05-21 15:50:52,332 - DEBUG - SMART POT CONNETED
2024-05-21 15:50:52,430 - DEBUG - LedOff:manual
2024-05-21 15:50:52,965 - DEBUG - SMART POT CONNETED
2024-05-21 15:50:53,502 - DEBUG - SMART POT CONNETED
2024-05-21 15:50:54,038 - DEBUG - SMART POT CONNETED
2024-05-21 15:50:54,672 - DEBUG - SMART POT CONNETED
2024-05-21 15:50:54,770 - DEBUG - LedOff:manual
2024-05-21 15:50:55,306 - DEBUG - SMART POT CONNETED
2024-05-21 15:50:55,890 - DEBUG - SMART POT CONNETED
2024-05-21 15:50:56,573 - DEBUG - SMART POT CONNETED
2024-05-21 15:50:57,304 - DEBUG - SMART POT CONNETED
2024-05-21 15:50:57,987 - DEBUG - SMART POT CONNETED
2024-05-21 15:50:58,670 - DEBUG - SMART POT CONNETED
2024-05-21 15:50:59,693 - DEBUG - SMART POT CONNETED
2024-05-21 15:50:59,792 - DEBUG - LedOn:manual
2024-05-21 15:51:00,327 - DEBUG - SMART POT CONNETED
2024-05-21 15:51:00,426 - DEBUG - LedOff:manual
2024-05-21 15:51:00,961 - DEBUG - SMART POT CONNETED
2024-05-21 15:51:01,497 - DEBUG - SMART POT CONNETED
2024-05-21 15:51:58,597 - DEBUG - SMART POT CONNETED
2024-05-21 15:51:58,695 - DEBUG - SMART POT CONNETED
2024-05-21 15:51:59,669 - DEBUG - SMART POT CONNETED
2024-05-21 15:52:00,206 - DEBUG - SMART POT CONNETED
2024-05-21 15:52:00,742 - DEBUG - SMART POT CONNETED
2024-05-21 15:52:01,473 - DEBUG - SMART POT CONNETED
2024-05-21 15:52:02,156 - DEBUG - SMART POT CONNETED
2024-05-21 15:52:02,838 - DEBUG - SMART POT CONNETED
2024-05-21 15:52:03,521 - DEBUG - SMART POT CONNETED
2024-05-21 15:52:04,691 - DEBUG - SMART POT CONNETED
2024-05-21 15:52:05,373 - DEBUG - SMART POT CONNETED
2024-05-21 15:52:06,056 - DEBUG - SMART POT CONNETED
2024-05-21 15:52:06,738 - DEBUG - SMART POT CONNETED
2024-05-21 15:52:07,372 - DEBUG - SMART POT CONNETED
2024-05-21 15:52:07,908 - DEBUG - SMART POT CONNETED
2024-05-21 15:52:08,591 - DEBUG - SMART POT CONNETED
2024-05-21 15:52:09,761 - DEBUG - SMART POT CONNETED
2024-05-21 15:52:10,444 - DEBUG - SMART POT CONNETED
2024-05-21 15:52:11,126 - DEBUG - SMART POT CONNETED
2024-05-21 15:52:11,809 - DEBUG - SMART POT CONNETED
2024-05-21 15:52:12,491 - DEBUG - SMART POT CONNETED
2024-05-21 15:52:13,027 - DEBUG - SMART POT CONNETED
2024-05-21 15:52:42,499 - DEBUG - SMART POT CONNETED
2024-05-21 15:52:42,597 - DEBUG - SMART POT CONNETED
2024-05-21 15:52:43,133 - DEBUG - SMART POT CONNETED
2024-05-21 15:52:43,669 - DEBUG - SMART POT CONNETED
2024-05-21 15:52:44,693 - DEBUG - SMART POT CONNETED
2024-05-21 15:52:45,229 - DEBUG - SMART POT CONNETED
2024-05-21 15:52:45,766 - DEBUG - SMART POT CONNETED
2024-05-21 15:52:46,448 - DEBUG - SMART POT CONNETED
2024-05-21 15:52:47,131 - DEBUG - SMART POT CONNETED
2024-05-21 15:52:47,667 - DEBUG - SMART POT CONNETED
2024-05-21 15:52:48,203 - DEBUG - SMART POT CONNETED
2024-05-21 15:52:48,886 - DEBUG - SMART POT CONNETED
2024-05-21 15:52:49,714 - DEBUG - SMART POT CONNETED
2024-05-21 15:52:50,397 - DEBUG - SMART POT CONNETED
2024-05-21 15:52:51,080 - DEBUG - SMART POT CONNETED
2024-05-21 15:52:51,762 - DEBUG - SMART POT CONNETED
2024-05-21 15:52:52,445 - DEBUG - SMART POT CONNETED
2024-05-21 15:52:53,127 - DEBUG - SMART POT CONNETED
2024-05-21 15:52:53,810 - DEBUG - SMART POT CONNETED
2024-05-21 15:52:54,687 - DEBUG - SMART POT CONNETED
2024-05-21 15:52:55,370 - DEBUG - SMART POT CONNETED
2024-05-21 15:52:56,052 - DEBUG - SMART POT CONNETED
2024-05-21 15:52:56,735 - DEBUG - SMART POT CONNETED
2024-05-21 15:53:34,726 - DEBUG - SMART POT CONNETED
2024-05-21 15:53:34,921 - DEBUG - SMART POT CONNETED
2024-05-21 15:53:35,604 - DEBUG - SMART POT CONNETED
2024-05-21 15:53:36,286 - DEBUG - SMART POT CONNETED
2024-05-21 15:53:36,823 - DEBUG - SMART POT CONNETED
2024-05-21 15:53:37,505 - DEBUG - SMART POT CONNETED
2024-05-21 15:53:38,188 - DEBUG - SMART POT CONNETED
2024-05-21 15:53:38,724 - DEBUG - SMART POT CONNETED
2024-05-21 15:53:39,747 - DEBUG - SMART POT CONNETED
2024-05-21 15:53:40,382 - DEBUG - SMART POT CONNETED
2024-05-21 15:53:41,113 - DEBUG - SMART POT CONNETED
2024-05-21 15:53:41,844 - DEBUG - SMART POT CONNETED
2024-05-21 15:53:42,526 - DEBUG - SMART POT CONNETED
2024-05-21 15:53:43,209 - DEBUG - SMART POT CONNETED
2024-05-21 15:53:43,891 - DEBUG - SMART POT CONNETED
2024-05-21 15:53:44,720 - DEBUG - SMART POT CONNETED
2024-05-21 15:53:45,305 - DEBUG - SMART POT CONNETED
2024-05-21 15:53:45,842 - DEBUG - SMART POT CONNETED
2024-05-21 15:53:46,524 - DEBUG - SMART POT CONNETED
2024-05-21 15:53:47,207 - DEBUG - SMART POT CONNETED
2024-05-21 15:53:47,889 - DEBUG - SMART POT CONNETED
2024-05-21 15:53:48,572 - DEBUG - SMART POT CONNETED
2024-05-21 15:53:49,741 - DEBUG - SMART POT CONNETED
2024-05-21 15:53:50,424 - DEBUG - SMART POT CONNETED
2024-05-21 15:54:36,763 - DEBUG - SMART POT CONNETED
2024-05-21 15:54:37,300 - DEBUG - SMART POT CONNETED
2024-05-21 15:54:37,934 - DEBUG - SMART POT CONNETED
2024-05-21 15:54:38,616 - DEBUG - SMART POT CONNETED
2024-05-21 15:54:39,786 - DEBUG - SMART POT CONNETED
2024-05-21 15:54:40,469 - DEBUG - SMART POT CONNETED
2024-05-21 15:54:41,151 - DEBUG - SMART POT CONNETED
2024-05-21 15:54:41,834 - DEBUG - SMART POT CONNETED
2024-05-21 15:54:42,516 - DEBUG - SMART POT CONNETED
2024-05-21 15:54:43,101 - DEBUG - SMART POT CONNETED
2024-05-21 15:54:43,784 - DEBUG - SMART POT CONNETED
2024-05-21 15:54:44,807 - DEBUG - SMART POT CONNETED
2024-05-21 15:54:45,392 - DEBUG - SMART POT CONNETED
2024-05-21 15:54:45,490 - DEBUG - SMART POT CONNETED
2024-05-21 15:54:59,644 - DEBUG - LedOn:manual
2024-05-21 15:55:00,359 - DEBUG - LedOff:manual
2024-05-21 15:55:01,237 - DEBUG - FanOn:manual
2024-05-21 15:55:01,822 - DEBUG - FanOff:manual
2024-05-21 15:55:02,407 - DEBUG - HumiOn:manual
2024-05-21 15:55:02,553 - DEBUG - HumiOff:manual
2024-05-21 15:55:09,817 - DEBUG - LedOn:manual
2024-05-21 15:55:10,256 - DEBUG - LedOff:manual
2024-05-21 15:55:23,425 - DEBUG - SMART POT CONNETED
2024-05-21 15:55:23,522 - DEBUG - SMART POT CONNETED
2024-05-21 15:55:24,790 - DEBUG - SMART POT CONNETED
2024-05-21 15:55:25,326 - DEBUG - SMART POT CONNETED
2024-05-21 15:55:25,862 - DEBUG - SMART POT CONNETED
2024-05-21 15:55:26,398 - DEBUG - SMART POT CONNETED
2024-05-21 15:55:26,935 - DEBUG - SMART POT CONNETED
2024-05-21 15:55:27,471 - DEBUG - SMART POT CONNETED
2024-05-21 15:55:28,105 - DEBUG - SMART POT CONNETED
2024-05-21 15:55:28,641 - DEBUG - SMART POT CONNETED
2024-05-21 15:55:29,811 - DEBUG - SMART POT CONNETED
2024-05-21 15:55:30,493 - DEBUG - SMART POT CONNETED
2024-05-21 15:55:30,591 - DEBUG - LedOn:manual
2024-05-21 15:55:31,127 - DEBUG - SMART POT CONNETED
2024-05-21 15:55:31,225 - DEBUG - LedOff:manual
2024-05-21 15:55:31,761 - DEBUG - SMART POT CONNETED
2024-05-21 15:55:32,444 - DEBUG - SMART POT CONNETED
2024-05-21 15:55:32,980 - DEBUG - SMART POT CONNETED
2024-05-21 15:55:33,078 - DEBUG - FanOn:manual
2024-05-21 15:55:33,614 - DEBUG - SMART POT CONNETED
2024-05-21 15:55:33,712 - DEBUG - FanOff:manual
2024-05-21 15:55:34,735 - DEBUG - SMART POT CONNETED
2024-05-21 15:55:34,833 - DEBUG - HumiOn:manual
2024-05-21 15:55:35,369 - DEBUG - SMART POT CONNETED
2024-05-21 15:55:35,905 - DEBUG - SMART POT CONNETED
2024-05-21 15:55:36,441 - DEBUG - SMART POT CONNETED
2024-05-21 15:55:37,124 - DEBUG - SMART POT CONNETED
2024-05-21 15:55:37,806 - DEBUG - SMART POT CONNETED
2024-05-21 15:55:37,905 - DEBUG - HumiOn:manual
2024-05-21 15:55:38,440 - DEBUG - SMART POT CONNETED
2024-05-21 15:56:07,253 - DEBUG - SMART POT CONNETED
2024-05-21 15:56:07,351 - DEBUG - SMART POT CONNETED
2024-05-21 15:56:07,936 - DEBUG - SMART POT CONNETED
2024-05-21 15:56:08,472 - DEBUG - SMART POT CONNETED
2024-05-21 15:56:09,008 - DEBUG - SMART POT CONNETED
2024-05-21 15:56:09,739 - DEBUG - SMART POT CONNETED
2024-05-21 15:56:10,276 - DEBUG - SMART POT CONNETED
2024-05-21 15:56:10,812 - DEBUG - SMART POT CONNETED
2024-05-21 15:56:11,446 - DEBUG - SMART POT CONNETED
2024-05-21 15:56:12,079 - DEBUG - SMART POT CONNETED
2024-05-21 15:56:12,616 - DEBUG - SMART POT CONNETED
2024-05-21 15:56:12,714 - DEBUG - LedOn:manual
2024-05-21 15:56:13,250 - DEBUG - SMART POT CONNETED
2024-05-21 15:56:13,347 - DEBUG - LedOff:manual
2024-05-21 15:56:13,883 - DEBUG - SMART POT CONNETED
2024-05-21 15:56:14,712 - DEBUG - SMART POT CONNETED
2024-05-21 15:56:14,810 - DEBUG - FanOn:manual
2024-05-21 15:56:15,346 - DEBUG - SMART POT CONNETED
2024-05-21 15:56:15,882 - DEBUG - SMART POT CONNETED
2024-05-21 15:56:16,565 - DEBUG - SMART POT CONNETED
2024-05-21 15:56:17,247 - DEBUG - SMART POT CONNETED
2024-05-21 15:56:17,783 - DEBUG - SMART POT CONNETED
2024-05-21 15:56:18,368 - DEBUG - SMART POT CONNETED
2024-05-21 15:56:18,953 - DEBUG - SMART POT CONNETED
2024-05-21 15:56:19,051 - DEBUG - FanOn:manual
2024-05-21 15:56:19,733 - DEBUG - SMART POT CONNETED
2024-05-21 15:56:20,270 - DEBUG - SMART POT CONNETED
2024-05-21 15:56:20,904 - DEBUG - SMART POT CONNETED
2024-05-21 15:56:21,440 - DEBUG - SMART POT CONNETED
2024-05-21 15:57:33,566 - DEBUG - SMART POT STOP
2024-05-21 15:57:33,569 - DEBUG - HumiOff:manual
2024-05-21 16:00:37,476 - DEBUG - module_setup
2024-05-21 16:00:37,476 - DEBUG - PumpOn:manual
2024-05-21 16:00:38,479 - DEBUG - SMART POT START
2024-05-21 16:00:38,482 - DEBUG - SMART POT START
2024-05-21 16:00:38,486 - DEBUG - FanOn:manual
2024-05-21 16:00:38,487 - DEBUG - HumiOff:manual
2024-05-21 16:00:38,487 - DEBUG - LedOff:manual
2024-05-21 16:00:44,035 - DEBUG - Starting new HTTP connection (1): ceprj.gachon.ac.kr:60007
2024-05-21 16:00:44,190 - DEBUG - http://ceprj.gachon.ac.kr:60007 "POST /api/logs/sensor-logs HTTP/1.1" 201 25
2024-05-21 16:00:44,199 - DEBUG - Starting new HTTP connection (1): ceprj.gachon.ac.kr:60007
2024-05-21 16:00:44,313 - DEBUG - http://ceprj.gachon.ac.kr:60007 "POST /api/logs/sensor-logs HTTP/1.1" 201 25
2024-05-21 16:00:44,321 - DEBUG - Starting new HTTP connection (1): ceprj.gachon.ac.kr:60007
2024-05-21 16:00:44,444 - DEBUG - http://ceprj.gachon.ac.kr:60007 "POST /api/logs/sensor-logs HTTP/1.1" 201 25
2024-05-21 16:00:44,453 - DEBUG - Starting new HTTP connection (1): ceprj.gachon.ac.kr:60007
2024-05-21 16:00:44,712 - DEBUG - http://ceprj.gachon.ac.kr:60007 "POST /api/logs/sensor-logs HTTP/1.1" 201 25
2024-05-21 16:01:02,081 - DEBUG - SMART POT CONNETED
2024-05-21 16:01:02,179 - DEBUG - SMART POT CONNETED
2024-05-21 16:01:02,764 - DEBUG - SMART POT CONNETED
2024-05-21 16:01:03,300 - DEBUG - SMART POT CONNETED
2024-05-21 16:01:04,178 - DEBUG - SMART POT CONNETED
2024-05-21 16:01:04,714 - DEBUG - SMART POT CONNETED
2024-05-21 16:01:05,396 - DEBUG - SMART POT CONNETED
2024-05-21 16:01:06,079 - DEBUG - SMART POT CONNETED
2024-05-21 16:01:06,761 - DEBUG - SMART POT CONNETED
2024-05-21 16:01:07,444 - DEBUG - SMART POT CONNETED
2024-05-21 16:01:08,126 - DEBUG - SMART POT CONNETED
2024-05-21 16:01:09,150 - DEBUG - SMART POT CONNETED
2024-05-21 16:01:09,686 - DEBUG - SMART POT CONNETED
2024-05-21 16:01:10,369 - DEBUG - SMART POT CONNETED
2024-05-21 16:01:11,052 - DEBUG - SMART POT CONNETED
2024-05-21 16:01:11,734 - DEBUG - SMART POT CONNETED
2024-05-21 16:01:12,416 - DEBUG - SMART POT CONNETED
2024-05-21 16:01:13,099 - DEBUG - SMART POT CONNETED
2024-05-21 16:01:14,123 - DEBUG - SMART POT CONNETED
2024-05-21 16:01:14,805 - DEBUG - SMART POT CONNETED
2024-05-21 16:01:15,488 - DEBUG - SMART POT CONNETED
2024-05-21 16:01:16,170 - DEBUG - SMART POT CONNETED
2024-05-21 16:02:30,796 - DEBUG - SMART POT CONNETED
2024-05-21 16:02:30,894 - DEBUG - SMART POT CONNETED
2024-05-21 16:02:31,576 - DEBUG - SMART POT CONNETED
2024-05-21 16:02:32,259 - DEBUG - SMART POT CONNETED
2024-05-21 16:02:32,941 - DEBUG - SMART POT CONNETED
2024-05-21 16:02:34,111 - DEBUG - SMART POT CONNETED
2024-05-21 16:02:34,794 - DEBUG - SMART POT CONNETED
2024-05-21 16:02:35,476 - DEBUG - SMART POT CONNETED
2024-05-21 16:02:36,159 - DEBUG - SMART POT CONNETED
2024-05-21 16:02:36,793 - DEBUG - SMART POT CONNETED
2024-05-21 16:02:37,475 - DEBUG - SMART POT CONNETED
2024-05-21 16:02:38,158 - DEBUG - SMART POT CONNETED
2024-05-21 16:02:39,230 - DEBUG - SMART POT CONNETED
2024-05-21 16:02:39,913 - DEBUG - SMART POT CONNETED
2024-05-21 16:02:40,449 - DEBUG - SMART POT CONNETED
2024-05-21 16:02:40,985 - DEBUG - SMART POT CONNETED
2024-05-21 16:02:41,522 - DEBUG - SMART POT CONNETED
2024-05-21 16:02:42,058 - DEBUG - SMART POT CONNETED
2024-05-21 16:02:42,740 - DEBUG - SMART POT CONNETED
2024-05-21 16:02:43,423 - DEBUG - SMART POT CONNETED
2024-05-21 16:02:44,690 - DEBUG - SMART POT CONNETED
2024-05-21 16:02:49,044 - DEBUG - Starting new HTTP connection (1): ceprj.gachon.ac.kr:60007
2024-05-21 16:02:49,166 - DEBUG - http://ceprj.gachon.ac.kr:60007 "POST /api/logs/actuator-log HTTP/1.1" 201 54
2024-05-21 16:02:49,169 - DEBUG - FanOff:temp_normal
2024-05-21 16:03:57,595 - DEBUG - SMART POT STOP
2024-05-21 16:03:57,598 - DEBUG - HumiOff:manual
2024-05-21 16:10:51,558 - DEBUG - module_setup
2024-05-21 16:10:51,559 - DEBUG - PumpOn:manual
2024-05-21 16:10:52,562 - DEBUG - SMART POT START
2024-05-21 16:10:52,566 - DEBUG - SMART POT START
2024-05-21 16:10:52,573 - DEBUG - LedOn: Auto
2024-05-21 16:10:52,579 - DEBUG - Starting new HTTP connection (1): ceprj.gachon.ac.kr:60007
2024-05-21 16:10:52,726 - DEBUG - http://ceprj.gachon.ac.kr:60007 "POST /api/logs/actuator-log HTTP/1.1" 201 54
2024-05-21 16:10:58,267 - DEBUG - Starting new HTTP connection (1): ceprj.gachon.ac.kr:60007
2024-05-21 16:10:58,395 - DEBUG - http://ceprj.gachon.ac.kr:60007 "POST /api/logs/sensor-logs HTTP/1.1" 201 25
2024-05-21 16:10:58,401 - DEBUG - Starting new HTTP connection (1): ceprj.gachon.ac.kr:60007
2024-05-21 16:10:58,508 - DEBUG - http://ceprj.gachon.ac.kr:60007 "POST /api/logs/sensor-logs HTTP/1.1" 201 25
2024-05-21 16:10:58,517 - DEBUG - Starting new HTTP connection (1): ceprj.gachon.ac.kr:60007
2024-05-21 16:10:58,798 - DEBUG - http://ceprj.gachon.ac.kr:60007 "POST /api/logs/sensor-logs HTTP/1.1" 201 25
2024-05-21 16:10:58,808 - DEBUG - Starting new HTTP connection (1): ceprj.gachon.ac.kr:60007
2024-05-21 16:10:58,896 - DEBUG - http://ceprj.gachon.ac.kr:60007 "POST /api/logs/sensor-logs HTTP/1.1" 201 25
2024-05-21 16:11:03,263 - DEBUG - Starting new HTTP connection (1): ceprj.gachon.ac.kr:60007
2024-05-21 16:11:03,529 - DEBUG - http://ceprj.gachon.ac.kr:60007 "POST /api/logs/actuator-log HTTP/1.1" 201 54
2024-05-21 16:11:03,534 - DEBUG - FanOn:humi_high
2024-05-21 16:11:13,265 - DEBUG - Starting new HTTP connection (1): ceprj.gachon.ac.kr:60007
2024-05-21 16:11:13,368 - DEBUG - http://ceprj.gachon.ac.kr:60007 "POST /api/logs/actuator-log HTTP/1.1" 201 54
2024-05-21 16:11:13,372 - DEBUG - FanOff:humi_normal
2024-05-21 16:14:19,721 - DEBUG - SMART POT STOP
2024-05-21 16:14:19,723 - DEBUG - HumiOff:manual
2024-05-21 16:22:17,794 - DEBUG - module_setup
2024-05-21 16:22:17,795 - DEBUG - PumpOn:manual
2024-05-21 16:22:18,797 - DEBUG - SMART POT START
2024-05-21 16:22:18,801 - DEBUG - SMART POT START
2024-05-21 16:22:18,807 - DEBUG - LedOn: Auto
2024-05-21 16:22:18,812 - DEBUG - Starting new HTTP connection (1): ceprj.gachon.ac.kr:60007
2024-05-21 16:22:18,950 - DEBUG - http://ceprj.gachon.ac.kr:60007 "POST /api/logs/actuator-log HTTP/1.1" 201 54
2024-05-21 16:22:24,491 - DEBUG - Starting new HTTP connection (1): ceprj.gachon.ac.kr:60007
2024-05-21 16:22:24,608 - DEBUG - http://ceprj.gachon.ac.kr:60007 "POST /api/logs/sensor-logs HTTP/1.1" 201 25
2024-05-21 16:22:24,617 - DEBUG - Starting new HTTP connection (1): ceprj.gachon.ac.kr:60007
2024-05-21 16:22:24,710 - DEBUG - http://ceprj.gachon.ac.kr:60007 "POST /api/logs/sensor-logs HTTP/1.1" 201 25
2024-05-21 16:22:24,718 - DEBUG - Starting new HTTP connection (1): ceprj.gachon.ac.kr:60007
2024-05-21 16:22:24,809 - DEBUG - http://ceprj.gachon.ac.kr:60007 "POST /api/logs/sensor-logs HTTP/1.1" 201 25
2024-05-21 16:22:24,818 - DEBUG - Starting new HTTP connection (1): ceprj.gachon.ac.kr:60007
2024-05-21 16:22:25,075 - DEBUG - http://ceprj.gachon.ac.kr:60007 "POST /api/logs/sensor-logs HTTP/1.1" 201 25
2024-05-21 16:26:44,527 - DEBUG - Starting new HTTP connection (1): ceprj.gachon.ac.kr:60007
2024-05-21 16:26:44,714 - DEBUG - http://ceprj.gachon.ac.kr:60007 "POST /api/logs/actuator-log HTTP/1.1" 201 54
2024-05-21 16:26:44,718 - DEBUG - FanOn:humi_high
2024-05-21 16:26:59,531 - DEBUG - Starting new HTTP connection (1): ceprj.gachon.ac.kr:60007
2024-05-21 16:26:59,892 - DEBUG - http://ceprj.gachon.ac.kr:60007 "POST /api/logs/actuator-log HTTP/1.1" 201 54
2024-05-21 16:26:59,896 - DEBUG - FanOff:humi_normal
2024-05-21 16:30:04,560 - DEBUG - Starting new HTTP connection (1): ceprj.gachon.ac.kr:60007
2024-05-21 16:30:04,696 - DEBUG - http://ceprj.gachon.ac.kr:60007 "POST /api/logs/actuator-log HTTP/1.1" 201 54
2024-05-21 16:30:04,700 - DEBUG - FanOn:humi_high
2024-05-21 16:30:10,036 - DEBUG - FanOn:manual
2024-05-21 16:41:32,447 - DEBUG - SMART POT CONNETED
2024-05-21 16:41:32,545 - DEBUG - SMART POT CONNETED
2024-05-21 16:41:33,081 - DEBUG - SMART POT CONNETED
2024-05-21 16:41:33,666 - DEBUG - SMART POT CONNETED
2024-05-21 16:41:34,836 - DEBUG - SMART POT CONNETED
2024-05-21 16:41:35,372 - DEBUG - SMART POT CONNETED
2024-05-21 16:41:35,909 - DEBUG - SMART POT CONNETED
2024-05-21 16:41:36,445 - DEBUG - SMART POT CONNETED
2024-05-21 16:41:36,981 - DEBUG - SMART POT CONNETED
2024-05-21 16:41:37,664 - DEBUG - SMART POT CONNETED
2024-05-21 16:41:38,200 - DEBUG - SMART POT CONNETED
2024-05-21 16:41:38,736 - DEBUG - SMART POT CONNETED
2024-05-21 16:41:39,760 - DEBUG - SMART POT CONNETED
2024-05-21 16:41:40,442 - DEBUG - SMART POT CONNETED
2024-05-21 16:41:41,076 - DEBUG - SMART POT CONNETED
2024-05-21 16:41:41,612 - DEBUG - SMART POT CONNETED
2024-05-21 16:41:42,246 - DEBUG - SMART POT CONNETED
2024-05-21 16:41:42,783 - DEBUG - SMART POT CONNETED
2024-05-21 16:41:43,465 - DEBUG - SMART POT CONNETED
2024-05-21 16:41:44,001 - DEBUG - LedOn:manual
2024-05-21 16:41:44,099 - DEBUG - SMART POT CONNETED
2024-05-21 16:41:44,732 - DEBUG - SMART POT CONNETED
2024-05-21 16:41:45,269 - DEBUG - LedOff:manual
2024-05-21 16:41:45,366 - DEBUG - SMART POT CONNETED
2024-05-21 16:41:46,049 - DEBUG - SMART POT CONNETED
2024-05-21 16:41:46,731 - DEBUG - SMART POT CONNETED
2024-05-21 16:41:47,268 - DEBUG - FanOn:manual
2024-05-21 16:41:47,365 - DEBUG - SMART POT CONNETED
2024-05-21 16:41:48,047 - DEBUG - SMART POT CONNETED
2024-05-21 16:41:48,584 - DEBUG - FanOff:manual
2024-05-21 16:41:53,118 - DEBUG - HumiOn:manual
2024-05-21 16:41:53,996 - DEBUG - HumiOff:manual
2024-05-21 16:41:55,751 - DEBUG - FanOn:manual
2024-05-21 16:41:57,018 - DEBUG - FanOff:manual
2024-05-21 16:41:58,042 - DEBUG - FanOn:manual
2024-05-21 16:41:58,773 - DEBUG - FanOff:manual
2024-05-21 16:42:01,260 - DEBUG - PumpOn:manual
2024-05-21 16:42:23,685 - DEBUG - LedOn:manual
2024-05-21 16:42:24,676 - DEBUG - LedOff:manual
2024-05-21 16:42:25,829 - DEBUG - FanOn:manual
2024-05-21 16:42:27,146 - DEBUG - FanOff:manual
2024-05-21 16:42:40,054 - DEBUG - SMART POT STOP
2024-05-21 16:42:40,056 - DEBUG - HumiOff:manual
2024-05-21 16:42:51,484 - DEBUG - module_setup
2024-05-21 16:42:51,484 - DEBUG - PumpOn:manual
2024-05-21 16:42:52,487 - DEBUG - SMART POT START
2024-05-21 16:42:52,491 - DEBUG - SMART POT START
2024-05-21 16:42:52,496 - DEBUG - FanOff:manual
2024-05-21 16:42:52,496 - DEBUG - HumiOff:manual
2024-05-21 16:42:52,496 - DEBUG - LedOff:manual
2024-05-21 16:42:58,042 - DEBUG - Starting new HTTP connection (1): ceprj.gachon.ac.kr:60007
2024-05-21 16:42:58,181 - DEBUG - http://ceprj.gachon.ac.kr:60007 "POST /api/logs/sensor-logs HTTP/1.1" 201 25
2024-05-21 16:42:58,189 - DEBUG - Starting new HTTP connection (1): ceprj.gachon.ac.kr:60007
2024-05-21 16:42:58,302 - DEBUG - http://ceprj.gachon.ac.kr:60007 "POST /api/logs/sensor-logs HTTP/1.1" 201 25
2024-05-21 16:42:58,311 - DEBUG - Starting new HTTP connection (1): ceprj.gachon.ac.kr:60007
2024-05-21 16:42:58,411 - DEBUG - http://ceprj.gachon.ac.kr:60007 "POST /api/logs/sensor-logs HTTP/1.1" 201 25
2024-05-21 16:42:58,419 - DEBUG - Starting new HTTP connection (1): ceprj.gachon.ac.kr:60007
2024-05-21 16:42:58,662 - DEBUG - http://ceprj.gachon.ac.kr:60007 "POST /api/logs/sensor-logs HTTP/1.1" 201 25
2024-05-21 16:43:02,118 - DEBUG - SMART POT CONNETED
2024-05-21 16:43:02,216 - DEBUG - SMART POT CONNETED
2024-05-21 16:43:03,093 - DEBUG - SMART POT CONNETED
2024-05-21 16:43:03,776 - DEBUG - SMART POT CONNETED
2024-05-21 16:43:04,458 - DEBUG - SMART POT CONNETED
2024-05-21 16:43:05,141 - DEBUG - SMART POT CONNETED
2024-05-21 16:43:05,677 - DEBUG - SMART POT CONNETED
2024-05-21 16:43:06,213 - DEBUG - SMART POT CONNETED
2024-05-21 16:43:06,896 - DEBUG - SMART POT CONNETED
2024-05-21 16:43:07,432 - DEBUG - SMART POT CONNETED
2024-05-21 16:43:08,114 - DEBUG - SMART POT CONNETED
2024-05-21 16:43:08,797 - DEBUG - SMART POT CONNETED
2024-05-21 16:43:09,479 - DEBUG - SMART POT CONNETED
2024-05-21 16:43:10,162 - DEBUG - SMART POT CONNETED
2024-05-21 16:43:10,844 - DEBUG - SMART POT CONNETED
2024-05-21 16:43:11,527 - DEBUG - SMART POT CONNETED
2024-05-21 16:43:12,209 - DEBUG - SMART POT CONNETED
2024-05-21 16:43:13,087 - DEBUG - SMART POT CONNETED
2024-05-21 16:43:13,184 - DEBUG - SMART POT CONNETED
2024-05-21 16:43:19,766 - DEBUG - LedOn:manual
2024-05-21 16:43:20,351 - DEBUG - LedOff:manual
2024-05-21 16:43:21,375 - DEBUG - FanOn:manual
2024-05-21 16:43:21,960 - DEBUG - FanOff:manual
2024-05-21 16:43:25,129 - DEBUG - HumiOn:manual
2024-05-21 16:43:25,860 - DEBUG - HumiOff:manual
2024-05-21 16:43:28,032 - DEBUG - LedOn:manual
2024-05-21 16:43:28,102 - DEBUG - LedOff:manual
2024-05-21 16:43:44,961 - DEBUG - SMART POT CONNETED
2024-05-21 16:43:45,059 - DEBUG - SMART POT CONNETED
2024-05-21 16:43:45,595 - DEBUG - SMART POT CONNETED
2024-05-21 16:43:46,277 - DEBUG - SMART POT CONNETED
2024-05-21 16:43:46,960 - DEBUG - SMART POT CONNETED
2024-05-21 16:43:48,130 - DEBUG - SMART POT CONNETED
2024-05-21 16:43:48,910 - DEBUG - SMART POT CONNETED
2024-05-21 16:43:49,592 - DEBUG - SMART POT CONNETED
2024-05-21 16:43:50,275 - DEBUG - SMART POT CONNETED
2024-05-21 16:43:50,957 - DEBUG - SMART POT CONNETED
2024-05-21 16:43:51,640 - DEBUG - SMART POT CONNETED
2024-05-21 16:43:52,322 - DEBUG - SMART POT CONNETED
2024-05-21 16:43:53,102 - DEBUG - SMART POT CONNETED
2024-05-21 16:43:53,785 - DEBUG - SMART POT CONNETED
2024-05-21 16:43:54,321 - DEBUG - SMART POT CONNETED
2024-05-21 16:43:54,857 - DEBUG - SMART POT CONNETED
2024-05-21 16:43:55,394 - DEBUG - FanOn:manual
2024-05-21 16:43:55,491 - DEBUG - SMART POT CONNETED
2024-05-21 16:43:56,173 - DEBUG - SMART POT CONNETED
2024-05-21 16:43:56,710 - DEBUG - SMART POT CONNETED
2024-05-21 16:43:57,246 - DEBUG - FanOff:manual
2024-05-21 16:43:57,344 - DEBUG - SMART POT CONNETED
2024-05-21 16:43:58,221 - DEBUG - SMART POT CONNETED
2024-05-21 16:43:58,904 - DEBUG - SMART POT CONNETED
2024-05-21 16:43:59,586 - DEBUG - SMART POT CONNETED
2024-05-21 16:44:00,562 - DEBUG - HumiOn:manual
2024-05-21 16:44:01,975 - DEBUG - HumiOff:manual
2024-05-21 16:44:03,535 - DEBUG - LedOn:manual
2024-05-21 16:44:04,267 - DEBUG - LedOff:manual
2024-05-21 16:44:11,240 - DEBUG - SMART POT STOP
2024-05-21 16:44:11,242 - DEBUG - HumiOff:manual
2024-05-21 16:44:20,325 - DEBUG - module_setup
2024-05-21 16:44:20,326 - DEBUG - PumpOn:manual
2024-05-21 16:44:21,328 - DEBUG - SMART POT START
2024-05-21 16:44:21,332 - DEBUG - SMART POT START
2024-05-21 16:44:21,336 - DEBUG - FanOff:manual
2024-05-21 16:44:21,336 - DEBUG - HumiOff:manual
2024-05-21 16:44:21,337 - DEBUG - LedOff:manual
2024-05-21 16:44:26,884 - DEBUG - Starting new HTTP connection (1): ceprj.gachon.ac.kr:60007
2024-05-21 16:44:27,014 - DEBUG - http://ceprj.gachon.ac.kr:60007 "POST /api/logs/sensor-logs HTTP/1.1" 201 25
2024-05-21 16:44:27,024 - DEBUG - Starting new HTTP connection (1): ceprj.gachon.ac.kr:60007
2024-05-21 16:44:27,132 - DEBUG - http://ceprj.gachon.ac.kr:60007 "POST /api/logs/sensor-logs HTTP/1.1" 201 25
2024-05-21 16:44:27,140 - DEBUG - Starting new HTTP connection (1): ceprj.gachon.ac.kr:60007
2024-05-21 16:44:27,255 - DEBUG - http://ceprj.gachon.ac.kr:60007 "POST /api/logs/sensor-logs HTTP/1.1" 201 25
2024-05-21 16:44:27,264 - DEBUG - Starting new HTTP connection (1): ceprj.gachon.ac.kr:60007
2024-05-21 16:44:27,357 - DEBUG - http://ceprj.gachon.ac.kr:60007 "POST /api/logs/sensor-logs HTTP/1.1" 201 25
2024-05-21 16:47:01,887 - DEBUG - SMART POT STOP
2024-05-21 16:47:01,893 - DEBUG - HumiOff:manual
2024-05-21 16:47:13,253 - DEBUG - Starting new HTTP connection (1): ceprj.gachon.ac.kr:60007
2024-05-21 16:47:13,731 - DEBUG - http://ceprj.gachon.ac.kr:60007 "POST /api/logs/actuator-log HTTP/1.1" 201 54
2024-05-21 16:47:39,772 - DEBUG - module_setup
2024-05-21 16:47:39,772 - DEBUG - PumpOn:manual
2024-05-21 16:47:40,775 - DEBUG - SMART POT START
2024-05-21 16:47:40,779 - DEBUG - SMART POT START
2024-05-21 16:47:40,783 - DEBUG - FanOff:manual
2024-05-21 16:47:40,783 - DEBUG - HumiOff:manual
2024-05-21 16:47:40,783 - DEBUG - LedOff:manual
2024-05-21 16:47:46,332 - DEBUG - Starting new HTTP connection (1): ceprj.gachon.ac.kr:60007
2024-05-21 16:47:46,999 - DEBUG - http://ceprj.gachon.ac.kr:60007 "POST /api/logs/sensor-logs HTTP/1.1" 201 25
2024-05-21 16:47:47,009 - DEBUG - Starting new HTTP connection (1): ceprj.gachon.ac.kr:60007
2024-05-21 16:47:48,574 - DEBUG - http://ceprj.gachon.ac.kr:60007 "POST /api/logs/sensor-logs HTTP/1.1" 201 25
2024-05-21 16:47:48,585 - DEBUG - Starting new HTTP connection (1): ceprj.gachon.ac.kr:60007
2024-05-21 16:47:49,203 - DEBUG - http://ceprj.gachon.ac.kr:60007 "POST /api/logs/sensor-logs HTTP/1.1" 201 25
2024-05-21 16:47:49,213 - DEBUG - Starting new HTTP connection (1): ceprj.gachon.ac.kr:60007
2024-05-21 16:47:49,508 - DEBUG - http://ceprj.gachon.ac.kr:60007 "POST /api/logs/sensor-logs HTTP/1.1" 201 25
2024-05-21 16:48:16,933 - DEBUG - SMART POT CONNETED
2024-05-21 16:48:17,031 - DEBUG - SMART POT CONNETED
2024-05-21 16:48:17,567 - DEBUG - SMART POT CONNETED
2024-05-21 16:48:18,103 - DEBUG - SMART POT CONNETED
2024-05-21 16:48:18,639 - DEBUG - SMART POT CONNETED
2024-05-21 16:48:19,176 - DEBUG - SMART POT CONNETED
2024-05-21 16:48:19,712 - DEBUG - SMART POT CONNETED
2024-05-21 16:48:20,248 - DEBUG - SMART POT CONNETED
2024-05-21 16:48:21,418 - DEBUG - SMART POT CONNETED
2024-05-21 16:48:21,954 - DEBUG - SMART POT CONNETED
2024-05-21 16:48:22,491 - DEBUG - SMART POT CONNETED
2024-05-21 16:48:23,027 - DEBUG - SMART POT CONNETED
2024-05-21 16:48:23,563 - DEBUG - SMART POT CONNETED
2024-05-21 16:48:24,099 - DEBUG - SMART POT CONNETED
2024-05-21 16:48:24,636 - DEBUG - SMART POT CONNETED
2024-05-21 16:48:25,172 - DEBUG - SMART POT INIT
2024-05-21 16:48:25,186 - DEBUG - SMART POT STOP
2024-05-21 16:48:25,270 - DEBUG - SMART POT CONNETED
2024-05-21 16:48:25,952 - DEBUG - SMART POT CONNETED
2024-05-21 16:48:26,488 - DEBUG - SMART POT CONNETED
2024-05-21 16:48:27,024 - DEBUG - SMART POT CONNETED
2024-05-21 16:48:27,707 - DEBUG - SMART POT CONNETED
2024-05-21 16:48:28,243 - DEBUG - SMART POT CONNETED
2024-05-21 16:48:28,925 - DEBUG - SMART POT CONNETED
2024-05-21 16:48:29,462 - DEBUG - SMART POT CONNETED
2024-05-21 16:48:33,841 - DEBUG - SMART POT STOP
2024-05-21 16:48:33,844 - DEBUG - HumiOff:manual
2024-05-21 16:48:41,807 - DEBUG - module_setup
2024-05-21 16:48:41,808 - DEBUG - PumpOn:manual
2024-05-21 16:48:42,811 - DEBUG - SMART POT START
2024-05-21 16:49:08,080 - DEBUG - SMART POT STOP
2024-05-21 16:49:08,082 - DEBUG - HumiOff:manual
2024-05-21 16:49:14,550 - DEBUG - module_setup
2024-05-21 16:49:14,553 - DEBUG - SMART POT START
2024-05-21 16:49:41,198 - DEBUG - SMART POT CONNETED
2024-05-21 16:49:43,331 - DEBUG - SMART POT CONNETED
2024-05-21 16:49:50,108 - DEBUG - Plant_Wirte
2024-05-21 16:49:50,123 - DEBUG - Starting new HTTP connection (1): ceprj.gachon.ac.kr:60007
2024-05-21 16:49:50,955 - DEBUG - http://ceprj.gachon.ac.kr:60007 "GET /api/plantdata/plants/name/%EB%8D%94%ED%94%BC%EA%B3%A0%EC%82%AC%EB%A6%AC HTTP/1.1" 200 621
2024-05-21 16:49:50,963 - DEBUG - SMART POT RESTART
2024-05-21 16:49:50,967 - DEBUG - SMART POT STOP
2024-05-21 16:49:53,970 - DEBUG - SMART POT START
2024-05-21 16:49:53,977 - DEBUG - LedOn: Auto
2024-05-21 16:49:53,985 - DEBUG - Starting new HTTP connection (1): ceprj.gachon.ac.kr:60007
2024-05-21 16:49:54,574 - DEBUG - http://ceprj.gachon.ac.kr:60007 "POST /api/logs/actuator-log HTTP/1.1" 201 54
2024-05-21 16:50:00,120 - DEBUG - Starting new HTTP connection (1): ceprj.gachon.ac.kr:60007
2024-05-21 16:50:00,761 - DEBUG - http://ceprj.gachon.ac.kr:60007 "POST /api/logs/sensor-logs HTTP/1.1" 201 25
2024-05-21 16:50:00,770 - DEBUG - Starting new HTTP connection (1): ceprj.gachon.ac.kr:60007
2024-05-21 16:50:00,969 - DEBUG - http://ceprj.gachon.ac.kr:60007 "POST /api/logs/sensor-logs HTTP/1.1" 201 25
2024-05-21 16:50:00,978 - DEBUG - Starting new HTTP connection (1): ceprj.gachon.ac.kr:60007
2024-05-21 16:50:01,101 - DEBUG - http://ceprj.gachon.ac.kr:60007 "POST /api/logs/sensor-logs HTTP/1.1" 201 25
2024-05-21 16:50:01,109 - DEBUG - Starting new HTTP connection (1): ceprj.gachon.ac.kr:60007
2024-05-21 16:50:01,267 - DEBUG - http://ceprj.gachon.ac.kr:60007 "POST /api/logs/sensor-logs HTTP/1.1" 201 25
2024-05-21 16:50:01,276 - DEBUG - Starting new HTTP connection (1): ceprj.gachon.ac.kr:60007
2024-05-21 16:50:01,543 - DEBUG - http://ceprj.gachon.ac.kr:60007 "POST /api/logs/actuator-log HTTP/1.1" 201 54
2024-05-21 16:50:01,548 - DEBUG - FanOn:temp_high
2024-05-21 16:50:25,501 - DEBUG - FanOn:manual
2024-05-21 16:50:26,818 - DEBUG - FanOff:manual
2024-05-21 16:50:45,120 - DEBUG - Starting new HTTP connection (1): ceprj.gachon.ac.kr:60007
2024-05-21 16:50:45,525 - DEBUG - http://ceprj.gachon.ac.kr:60007 "POST /api/logs/actuator-log HTTP/1.1" 201 54
2024-05-21 16:50:45,530 - DEBUG - FanOn:temp_high
2024-05-21 16:50:50,121 - DEBUG - Starting new HTTP connection (1): ceprj.gachon.ac.kr:60007
2024-05-21 16:50:50,621 - DEBUG - http://ceprj.gachon.ac.kr:60007 "POST /api/logs/actuator-log HTTP/1.1" 201 54
2024-05-21 16:50:50,625 - DEBUG - FanOn:temp_high
2024-05-21 16:51:05,234 - DEBUG - LedOn:manual
2024-05-21 16:51:06,794 - DEBUG - LedOff:manual
2024-05-21 16:51:25,124 - DEBUG - Starting new HTTP connection (1): ceprj.gachon.ac.kr:60007
2024-05-21 16:51:25,638 - DEBUG - http://ceprj.gachon.ac.kr:60007 "POST /api/logs/actuator-log HTTP/1.1" 201 54
2024-05-21 16:51:25,642 - DEBUG - FanOn:temp_high
2024-05-21 16:57:50,249 - DEBUG - SMART POT CONNETED
2024-05-21 16:57:50,347 - DEBUG - SMART POT CONNETED
2024-05-21 16:57:50,883 - DEBUG - SMART POT CONNETED
2024-05-21 16:57:51,419 - DEBUG - SMART POT CONNETED
2024-05-21 16:57:51,955 - DEBUG - SMART POT CONNETED
2024-05-21 16:57:52,492 - DEBUG - SMART POT CONNETED
2024-05-21 16:57:53,028 - DEBUG - SMART POT CONNETED
2024-05-21 16:57:53,564 - DEBUG - SMART POT CONNETED
2024-05-21 16:57:54,100 - DEBUG - SMART POT CONNETED
2024-05-21 16:57:54,637 - DEBUG - SMART POT CONNETED
2024-05-21 16:57:55,270 - DEBUG - SMART POT CONNETED
2024-05-21 16:57:55,953 - DEBUG - SMART POT CONNETED
2024-05-21 16:57:56,489 - DEBUG - SMART POT CONNETED
2024-05-21 16:57:57,025 - DEBUG - SMART POT CONNETED
2024-05-21 16:57:57,659 - DEBUG - SMART POT CONNETED
2024-05-21 16:57:58,244 - DEBUG - SMART POT CONNETED
2024-05-21 16:57:58,927 - DEBUG - SMART POT CONNETED
2024-05-21 16:57:59,560 - DEBUG - SMART POT CONNETED
2024-05-21 16:58:00,191 - DEBUG - Starting new HTTP connection (1): ceprj.gachon.ac.kr:60007
2024-05-21 16:58:00,243 - DEBUG - SMART POT CONNETED
2024-05-21 16:58:00,400 - DEBUG - http://ceprj.gachon.ac.kr:60007 "POST /api/logs/actuator-log HTTP/1.1" 201 54
2024-05-21 16:58:00,405 - DEBUG - FanOn:temp_high
2024-05-21 16:58:00,925 - DEBUG - SMART POT CONNETED
2024-05-21 16:58:01,608 - DEBUG - SMART POT CONNETED
2024-05-21 16:58:02,290 - DEBUG - SMART POT CONNETED
2024-05-21 16:58:02,827 - DEBUG - SMART POT CONNETED
2024-05-21 16:58:03,461 - DEBUG - SMART POT CONNETED
2024-05-21 16:58:04,143 - DEBUG - SMART POT CONNETED
2024-05-21 16:58:05,313 - DEBUG - SMART POT CONNETED
2024-05-21 17:03:33,876 - DEBUG - SMART POT CONNETED
2024-05-21 17:03:34,023 - DEBUG - SMART POT CONNETED
2024-05-21 17:03:34,705 - DEBUG - SMART POT CONNETED
2024-05-21 17:03:35,290 - DEBUG - SMART POT CONNETED
2024-05-21 17:03:35,826 - DEBUG - SMART POT CONNETED
2024-05-21 17:03:36,363 - DEBUG - SMART POT CONNETED
2024-05-21 17:03:36,948 - DEBUG - SMART POT CONNETED
2024-05-21 17:03:37,485 - DEBUG - SMART POT CONNETED
2024-05-21 17:03:38,021 - DEBUG - SMART POT CONNETED
2024-05-21 17:03:38,557 - DEBUG - SMART POT CONNETED
2024-05-21 17:03:39,239 - DEBUG - SMART POT CONNETED
2024-05-21 17:03:40,360 - DEBUG - SMART POT CONNETED
2024-05-21 17:03:41,043 - DEBUG - SMART POT CONNETED
2024-05-21 17:03:41,579 - DEBUG - SMART POT CONNETED
2024-05-21 17:03:42,115 - DEBUG - SMART POT CONNETED
2024-05-21 17:03:42,847 - DEBUG - SMART POT CONNETED
2024-05-21 17:03:43,383 - DEBUG - SMART POT CONNETED
2024-05-21 17:03:43,919 - DEBUG - SMART POT CONNETED
2024-05-21 17:03:44,017 - DEBUG - SMART POT CONNETED
2024-05-21 17:15:15,366 - DEBUG - SMART POT STOP
2024-05-21 17:15:15,368 - DEBUG - HumiOff:manual
2024-05-21 17:15:48,320 - DEBUG - Starting new HTTP connection (1): ceprj.gachon.ac.kr:60007
2024-05-21 17:15:48,593 - DEBUG - http://ceprj.gachon.ac.kr:60007 "POST /api/logs/actuator-log HTTP/1.1" 201 54
2024-05-21 17:23:04,612 - DEBUG - Starting new HTTP connection (1): ceprj.gachon.ac.kr:60007
2024-05-21 17:23:04,957 - DEBUG - http://ceprj.gachon.ac.kr:60007 "POST /api/logs/actuator-log HTTP/1.1" 201 54
2024-05-21 17:23:25,010 - DEBUG - Starting new HTTP connection (1): ceprj.gachon.ac.kr:60007
2024-05-21 17:23:25,228 - DEBUG - http://ceprj.gachon.ac.kr:60007 "POST /api/logs/actuator-log HTTP/1.1" 201 54
2024-05-21 17:23:34,794 - DEBUG - Starting new HTTP connection (1): ceprj.gachon.ac.kr:60007
2024-05-21 17:23:35,047 - DEBUG - http://ceprj.gachon.ac.kr:60007 "POST /api/logs/actuator-log HTTP/1.1" 201 54
2024-05-21 17:24:20,622 - DEBUG - Starting new HTTP connection (1): ceprj.gachon.ac.kr:60007
2024-05-21 17:24:20,955 - DEBUG - http://ceprj.gachon.ac.kr:60007 "POST /api/logs/actuator-log HTTP/1.1" 201 54
2024-05-21 17:58:17,503 - DEBUG - Starting new HTTP connection (1): ceprj.gachon.ac.kr:60007
2024-05-21 17:58:17,662 - DEBUG - http://ceprj.gachon.ac.kr:60007 "POST /api/logs/actuator-log HTTP/1.1" 201 54
2024-05-21 17:58:17,691 - DEBUG - module_setup
2024-05-21 17:58:17,693 - DEBUG - SMART POT START
2024-05-21 17:58:17,696 - DEBUG - SMART POT START
2024-05-21 17:58:17,700 - DEBUG - FanOff:manual
2024-05-21 17:58:17,700 - DEBUG - HumiOff:manual
2024-05-21 17:58:17,700 - DEBUG - LedOff:manual
2024-05-21 17:58:23,242 - DEBUG - Starting new HTTP connection (1): ceprj.gachon.ac.kr:60007
2024-05-21 17:58:23,352 - DEBUG - http://ceprj.gachon.ac.kr:60007 "POST /api/logs/sensor-logs HTTP/1.1" 201 25
2024-05-21 17:58:23,362 - DEBUG - Starting new HTTP connection (1): ceprj.gachon.ac.kr:60007
2024-05-21 17:58:23,474 - DEBUG - http://ceprj.gachon.ac.kr:60007 "POST /api/logs/sensor-logs HTTP/1.1" 201 25
2024-05-21 17:58:23,484 - DEBUG - Starting new HTTP connection (1): ceprj.gachon.ac.kr:60007
2024-05-21 17:58:23,586 - DEBUG - http://ceprj.gachon.ac.kr:60007 "POST /api/logs/sensor-logs HTTP/1.1" 201 25
2024-05-21 17:58:23,596 - DEBUG - Starting new HTTP connection (1): ceprj.gachon.ac.kr:60007
2024-05-21 17:58:23,695 - DEBUG - http://ceprj.gachon.ac.kr:60007 "POST /api/logs/sensor-logs HTTP/1.1" 201 25
2024-05-21 17:59:38,957 - DEBUG - SMART POT CONNETED
2024-05-21 17:59:39,055 - DEBUG - SMART POT CONNETED
2024-05-21 17:59:39,737 - DEBUG - SMART POT CONNETED
2024-05-21 17:59:40,273 - DEBUG - SMART POT CONNETED
2024-05-21 17:59:40,810 - DEBUG - SMART POT CONNETED
2024-05-21 17:59:41,346 - DEBUG - SMART POT CONNETED
2024-05-21 17:59:41,882 - DEBUG - SMART POT CONNETED
2024-05-21 17:59:42,419 - DEBUG - SMART POT CONNETED
2024-05-21 17:59:43,443 - DEBUG - SMART POT CONNETED
2024-05-21 17:59:43,979 - DEBUG - SMART POT CONNETED
2024-05-21 17:59:44,515 - DEBUG - SMART POT CONNETED
2024-05-21 17:59:45,051 - DEBUG - SMART POT CONNETED
2024-05-21 17:59:45,734 - DEBUG - SMART POT CONNETED
2024-05-21 17:59:46,270 - DEBUG - SMART POT CONNETED
2024-05-21 17:59:46,806 - DEBUG - PumpOn:manual
2024-05-21 17:59:48,415 - DEBUG - SMART POT CONNETED
2024-05-21 17:59:49,098 - DEBUG - SMART POT CONNETED
2024-05-21 17:59:49,780 - DEBUG - SMART POT CONNETED
2024-05-21 17:59:50,771 - DEBUG - PumpOn:manual
2024-05-21 17:59:51,828 - DEBUG - SMART POT CONNETED
2024-05-21 17:59:52,510 - DEBUG - SMART POT CONNETED
2024-05-21 17:59:52,608 - DEBUG - SMART POT CONNETED
2024-05-21 17:59:53,246 - DEBUG - PumpOn:manual
2024-05-21 18:03:55,811 - DEBUG - SMART POT STOP
2024-05-21 18:03:55,813 - DEBUG - HumiOff:manual
2024-05-21 17:57:54,846 - DEBUG - Starting new HTTP connection (1): ceprj.gachon.ac.kr:60007
2024-05-21 17:57:55,024 - DEBUG - http://ceprj.gachon.ac.kr:60007 "POST /api/logs/actuator-log HTTP/1.1" 201 54
2024-05-21 17:57:55,114 - DEBUG - module_setup
2024-05-21 17:57:55,118 - DEBUG - SMART POT START
2024-05-21 17:57:55,122 - DEBUG - SMART POT START
2024-05-21 17:57:55,129 - DEBUG - FanOff:manual
2024-05-21 17:57:55,130 - DEBUG - HumiOff:manual
2024-05-21 17:57:55,130 - DEBUG - LedOff:manual
2024-05-21 17:58:00,676 - DEBUG - Starting new HTTP connection (1): ceprj.gachon.ac.kr:60007
2024-05-21 17:58:00,827 - DEBUG - http://ceprj.gachon.ac.kr:60007 "POST /api/logs/sensor-logs HTTP/1.1" 201 25
2024-05-21 17:58:00,834 - DEBUG - Starting new HTTP connection (1): ceprj.gachon.ac.kr:60007
2024-05-21 17:58:00,922 - DEBUG - http://ceprj.gachon.ac.kr:60007 "POST /api/logs/sensor-logs HTTP/1.1" 201 25
2024-05-21 17:58:00,930 - DEBUG - Starting new HTTP connection (1): ceprj.gachon.ac.kr:60007
2024-05-21 17:58:01,018 - DEBUG - http://ceprj.gachon.ac.kr:60007 "POST /api/logs/sensor-logs HTTP/1.1" 201 25
2024-05-21 17:58:01,025 - DEBUG - Starting new HTTP connection (1): ceprj.gachon.ac.kr:60007
2024-05-21 17:58:01,114 - DEBUG - http://ceprj.gachon.ac.kr:60007 "POST /api/logs/sensor-logs HTTP/1.1" 201 25
2024-05-21 18:13:29,613 - DEBUG - SMART POT STOP
2024-05-21 18:13:29,615 - DEBUG - HumiOff:manual
2024-05-21 18:15:11,482 - DEBUG - Starting new HTTP connection (1): ceprj.gachon.ac.kr:60007
2024-05-21 18:15:11,596 - DEBUG - http://ceprj.gachon.ac.kr:60007 "POST /api/logs/actuator-log HTTP/1.1" 201 54
2024-05-21 18:16:25,091 - DEBUG - Starting new HTTP connection (1): ceprj.gachon.ac.kr:60007
2024-05-21 18:16:25,210 - DEBUG - http://ceprj.gachon.ac.kr:60007 "POST /api/logs/actuator-log HTTP/1.1" 201 54
2024-05-21 18:18:18,156 - DEBUG - Starting new HTTP connection (1): ceprj.gachon.ac.kr:60007
2024-05-21 18:18:18,275 - DEBUG - http://ceprj.gachon.ac.kr:60007 "POST /api/logs/actuator-log HTTP/1.1" 201 54
2024-05-21 18:20:53,128 - DEBUG - Starting new HTTP connection (1): ceprj.gachon.ac.kr:60007
2024-05-21 18:20:53,232 - DEBUG - http://ceprj.gachon.ac.kr:60007 "POST /api/logs/actuator-log HTTP/1.1" 201 54
2024-05-21 18:26:52,602 - DEBUG - Starting new HTTP connection (1): ceprj.gachon.ac.kr:60007
2024-05-21 18:26:52,724 - DEBUG - http://ceprj.gachon.ac.kr:60007 "POST /api/logs/actuator-log HTTP/1.1" 201 54
2024-05-21 18:27:03,976 - DEBUG - Starting new HTTP connection (1): ceprj.gachon.ac.kr:60007
2024-05-21 18:27:04,126 - DEBUG - http://ceprj.gachon.ac.kr:60007 "POST /api/logs/actuator-log HTTP/1.1" 201 54
2024-05-21 18:27:19,181 - DEBUG - Starting new HTTP connection (1): ceprj.gachon.ac.kr:60007
2024-05-21 18:27:19,325 - DEBUG - http://ceprj.gachon.ac.kr:60007 "POST /api/logs/actuator-log HTTP/1.1" 201 54
2024-05-21 18:28:40,722 - DEBUG - Starting new HTTP connection (1): ceprj.gachon.ac.kr:60007
2024-05-21 18:28:40,819 - DEBUG - http://ceprj.gachon.ac.kr:60007 "POST /api/logs/actuator-log HTTP/1.1" 201 54
2024-05-21 18:28:44,331 - DEBUG - Starting new HTTP connection (1): ceprj.gachon.ac.kr:60007
2024-05-21 18:28:44,459 - DEBUG - http://ceprj.gachon.ac.kr:60007 "POST /api/logs/actuator-log HTTP/1.1" 201 54
2024-05-21 18:29:56,744 - DEBUG - Starting new HTTP connection (1): ceprj.gachon.ac.kr:60007
2024-05-21 18:29:56,843 - DEBUG - http://ceprj.gachon.ac.kr:60007 "POST /api/logs/actuator-log HTTP/1.1" 201 54
2024-05-21 18:31:40,508 - DEBUG - Starting new HTTP connection (1): ceprj.gachon.ac.kr:60007
2024-05-21 18:31:40,657 - DEBUG - http://ceprj.gachon.ac.kr:60007 "POST /api/logs/actuator-log HTTP/1.1" 201 54
2024-05-21 18:31:48,126 - DEBUG - Starting new HTTP connection (1): ceprj.gachon.ac.kr:60007
2024-05-21 18:31:48,249 - DEBUG - http://ceprj.gachon.ac.kr:60007 "POST /api/logs/actuator-log HTTP/1.1" 201 54
2024-05-21 18:32:49,039 - DEBUG - Starting new HTTP connection (1): ceprj.gachon.ac.kr:60007
2024-05-21 18:32:49,197 - DEBUG - http://ceprj.gachon.ac.kr:60007 "POST /api/logs/actuator-log HTTP/1.1" 201 54
2024-05-21 18:32:56,661 - DEBUG - Starting new HTTP connection (1): ceprj.gachon.ac.kr:60007
2024-05-21 18:32:56,800 - DEBUG - http://ceprj.gachon.ac.kr:60007 "POST /api/logs/actuator-log HTTP/1.1" 201 54
2024-05-21 18:38:24,360 - DEBUG - Starting new HTTP connection (1): ceprj.gachon.ac.kr:60007
2024-05-21 18:38:24,573 - DEBUG - http://ceprj.gachon.ac.kr:60007 "POST /api/logs/actuator-log HTTP/1.1" 201 54
2024-05-21 18:38:24,603 - DEBUG - module_setup
2024-05-21 18:38:24,605 - DEBUG - SMART POT START
2024-05-21 18:38:24,608 - DEBUG - SMART POT START
2024-05-21 18:38:24,612 - DEBUG - FanOff:manual
2024-05-21 18:38:24,613 - DEBUG - HumiOff:manual
2024-05-21 18:38:24,613 - DEBUG - LedOff:manual
2024-05-21 18:38:30,157 - DEBUG - Starting new HTTP connection (1): ceprj.gachon.ac.kr:60007
2024-05-21 18:38:30,272 - DEBUG - http://ceprj.gachon.ac.kr:60007 "POST /api/logs/sensor-logs HTTP/1.1" 201 25
2024-05-21 18:38:30,279 - DEBUG - Starting new HTTP connection (1): ceprj.gachon.ac.kr:60007
2024-05-21 18:38:30,376 - DEBUG - http://ceprj.gachon.ac.kr:60007 "POST /api/logs/sensor-logs HTTP/1.1" 201 25
2024-05-21 18:38:30,386 - DEBUG - Starting new HTTP connection (1): ceprj.gachon.ac.kr:60007
2024-05-21 18:38:30,506 - DEBUG - http://ceprj.gachon.ac.kr:60007 "POST /api/logs/sensor-logs HTTP/1.1" 201 25
2024-05-21 18:38:30,514 - DEBUG - Starting new HTTP connection (1): ceprj.gachon.ac.kr:60007
2024-05-21 18:38:30,601 - DEBUG - http://ceprj.gachon.ac.kr:60007 "POST /api/logs/sensor-logs HTTP/1.1" 201 25
2024-05-21 18:38:33,470 - DEBUG - SMART POT CONNETED
2024-05-21 18:38:41,815 - DEBUG - SMART POT INIT
2024-05-21 18:38:41,820 - DEBUG - SMART POT STOP
2024-05-21 18:38:50,172 - DEBUG - SMART POT CONNETED
2024-05-21 18:38:50,270 - DEBUG - SMART POT CONNETED
2024-05-21 18:38:50,854 - DEBUG - SMART POT CONNETED
2024-05-21 18:38:51,537 - DEBUG - SMART POT CONNETED
2024-05-21 18:38:52,122 - DEBUG - SMART POT CONNETED
2024-05-21 18:38:52,805 - DEBUG - SMART POT CONNETED
2024-05-21 18:38:53,487 - DEBUG - SMART POT CONNETED
2024-05-21 18:38:54,170 - DEBUG - SMART POT CONNETED
2024-05-21 18:38:54,998 - DEBUG - SMART POT CONNETED
2024-05-21 18:38:55,535 - DEBUG - SMART POT CONNETED
2024-05-21 18:38:56,071 - DEBUG - SMART POT CONNETED
2024-05-21 18:38:56,948 - DEBUG - SMART POT CONNETED
2024-05-21 18:38:57,680 - DEBUG - SMART POT CONNETED
2024-05-21 18:38:58,362 - DEBUG - SMART POT CONNETED
2024-05-21 18:38:58,898 - DEBUG - SMART POT CONNETED
2024-05-21 18:38:59,435 - DEBUG - SMART POT CONNETED
2024-05-21 18:39:00,117 - DEBUG - SMART POT CONNETED
2024-05-21 18:39:17,867 - DEBUG - Plant_Wirte
2024-05-21 18:39:17,876 - DEBUG - Starting new HTTP connection (1): ceprj.gachon.ac.kr:60007
2024-05-21 18:39:17,991 - DEBUG - http://ceprj.gachon.ac.kr:60007 "GET /api/plantdata/plants/name/%EA%BD%83%EB%B2%A0%EA%B3%A0%EB%8B%88%EC%95%84 HTTP/1.1" 200 570
2024-05-21 18:39:17,997 - DEBUG - SMART POT RESTART
2024-05-21 18:39:17,999 - DEBUG - SMART POT STOP
2024-05-21 18:39:21,002 - DEBUG - SMART POT START
2024-05-21 18:39:21,007 - DEBUG - FanOff:manual
2024-05-21 18:39:21,007 - DEBUG - HumiOff:manual
2024-05-21 18:39:21,008 - DEBUG - LedOff:manual
2024-05-21 18:39:21,796 - DEBUG - SMART POT STOP
2024-05-21 18:39:21,798 - DEBUG - HumiOff:manual
2024-05-21 18:37:36,748 - DEBUG - Starting new HTTP connection (1): ceprj.gachon.ac.kr:60007
