2024-05-20 18:57:55,954 - DEBUG - module_setup
2024-05-20 18:57:55,954 - DEBUG - PumpOn:manual
2024-05-20 18:57:56,957 - DEBUG - SMART POT START
2024-05-20 18:58:02,888 - DEBUG - SMART POT CONNETED
2024-05-20 18:58:03,521 - DEBUG - SMART POT CONNETED
2024-05-20 18:58:03,619 - DEBUG - SMART POT CONNETED
2024-05-20 18:58:30,336 - DEBUG - SMART POT CONNETED
2024-05-20 18:58:35,759 - DEBUG - AIrequset
2024-05-20 18:58:36,569 - DEBUG - Starting new HTTP connection (1): ceprj.gachon.ac.kr:60007
2024-05-20 18:58:36,758 - DEBUG - http://ceprj.gachon.ac.kr:60007 "POST /api/devices/photo HTTP/1.1" 201 96
2024-05-20 19:00:18,650 - DEBUG - SMART POT CONNETED
2024-05-20 19:00:18,796 - DEBUG - SMART POT CONNETED
2024-05-20 19:00:19,332 - DEBUG - SMART POT CONNETED
2024-05-20 19:00:19,430 - DEBUG - SMART POT CONNETED
2024-05-20 19:00:22,648 - DEBUG - Plant_Wirte
2024-05-20 19:00:22,658 - DEBUG - Starting new HTTP connection (1): ceprj.gachon.ac.kr:60007
2024-05-20 19:00:22,692 - DEBUG - http://ceprj.gachon.ac.kr:60007 "GET /api/plantdata/plants/name/%EB%8D%94%ED%94%BC%EA%B3%A0%EC%82%AC%EB%A6%AC HTTP/1.1" 200 621
2024-05-20 19:00:22,699 - DEBUG - SMART POT RESTART
2024-05-20 19:00:22,702 - DEBUG - SMART POT STOP
2024-05-20 19:00:25,705 - DEBUG - SMART POT START
2024-05-20 19:00:25,712 - DEBUG - LedOn: Auto
2024-05-20 19:00:25,720 - DEBUG - Starting new HTTP connection (1): ceprj.gachon.ac.kr:60007
2024-05-20 19:00:25,774 - DEBUG - http://ceprj.gachon.ac.kr:60007 "POST /api/logs/actuator-log HTTP/1.1" 201 39
2024-05-20 19:00:31,320 - DEBUG - Starting new HTTP connection (1): ceprj.gachon.ac.kr:60007
2024-05-20 19:00:31,379 - DEBUG - http://ceprj.gachon.ac.kr:60007 "POST /api/logs/sensor-logs HTTP/1.1" 201 25
2024-05-20 19:00:31,386 - DEBUG - Starting new HTTP connection (1): ceprj.gachon.ac.kr:60007
2024-05-20 19:00:31,446 - DEBUG - http://ceprj.gachon.ac.kr:60007 "POST /api/logs/sensor-logs HTTP/1.1" 201 25
2024-05-20 19:00:31,453 - DEBUG - Starting new HTTP connection (1): ceprj.gachon.ac.kr:60007
2024-05-20 19:00:31,494 - DEBUG - http://ceprj.gachon.ac.kr:60007 "POST /api/logs/sensor-logs HTTP/1.1" 201 25
2024-05-20 19:00:31,502 - DEBUG - Starting new HTTP connection (1): ceprj.gachon.ac.kr:60007
2024-05-20 19:00:31,544 - DEBUG - http://ceprj.gachon.ac.kr:60007 "POST /api/logs/sensor-logs HTTP/1.1" 201 25
2024-05-20 19:00:31,553 - DEBUG - Starting new HTTP connection (1): ceprj.gachon.ac.kr:60007
2024-05-20 19:00:31,591 - DEBUG - http://ceprj.gachon.ac.kr:60007 "POST /api/logs/actuator-log HTTP/1.1" 201 39
2024-05-20 19:00:31,594 - DEBUG - FanOn:temp_high
2024-05-20 19:00:35,605 - DEBUG - Starting new HTTP connection (1): ceprj.gachon.ac.kr:60007
2024-05-20 19:00:35,649 - DEBUG - http://ceprj.gachon.ac.kr:60007 "POST /api/logs/actuator-log HTTP/1.1" 201 39
2024-05-20 19:00:40,295 - DEBUG - AIrequset
2024-05-20 19:00:41,365 - DEBUG - Starting new HTTP connection (1): ceprj.gachon.ac.kr:60007
2024-05-20 19:00:41,771 - DEBUG - http://ceprj.gachon.ac.kr:60007 "POST /api/devices/photo HTTP/1.1" 201 96
2024-05-20 19:01:40,328 - DEBUG - Starting new HTTP connection (1): ceprj.gachon.ac.kr:60007
2024-05-20 19:01:40,380 - DEBUG - http://ceprj.gachon.ac.kr:60007 "POST /api/logs/actuator-log HTTP/1.1" 201 39
2024-05-20 19:02:40,338 - DEBUG - Starting new HTTP connection (1): ceprj.gachon.ac.kr:60007
2024-05-20 19:02:40,396 - DEBUG - http://ceprj.gachon.ac.kr:60007 "POST /api/logs/actuator-log HTTP/1.1" 201 39
2024-05-20 19:03:40,348 - DEBUG - Starting new HTTP connection (1): ceprj.gachon.ac.kr:60007
2024-05-20 19:03:40,391 - DEBUG - http://ceprj.gachon.ac.kr:60007 "POST /api/logs/actuator-log HTTP/1.1" 201 39
2024-05-20 19:04:40,358 - DEBUG - Starting new HTTP connection (1): ceprj.gachon.ac.kr:60007
2024-05-20 19:04:40,402 - DEBUG - http://ceprj.gachon.ac.kr:60007 "POST /api/logs/actuator-log HTTP/1.1" 201 39
2024-05-20 19:05:40,365 - DEBUG - Starting new HTTP connection (1): ceprj.gachon.ac.kr:60007
2024-05-20 19:05:40,418 - DEBUG - http://ceprj.gachon.ac.kr:60007 "POST /api/logs/actuator-log HTTP/1.1" 201 39
2024-05-20 19:05:54,679 - DEBUG - SMART POT STOP
2024-05-20 19:05:54,681 - DEBUG - HumiOff:manual
2024-05-20 19:11:18,231 - DEBUG - module_setup
2024-05-20 19:11:18,231 - DEBUG - PumpOn:manual
2024-05-20 19:11:19,234 - DEBUG - SMART POT START
2024-05-20 19:11:19,237 - DEBUG - SMART POT START
2024-05-20 19:11:19,243 - DEBUG - LedOn: Auto
2024-05-20 19:11:19,248 - DEBUG - Starting new HTTP connection (1): ceprj.gachon.ac.kr:60007
2024-05-20 19:11:19,293 - DEBUG - http://ceprj.gachon.ac.kr:60007 "POST /api/logs/actuator-log HTTP/1.1" 201 39
2024-05-20 19:11:23,423 - DEBUG - SMART POT CONNETED
2024-05-20 19:11:23,520 - DEBUG - SMART POT CONNETED
2024-05-20 19:11:23,666 - DEBUG - SMART POT CONNETED
2024-05-20 19:11:24,833 - DEBUG - Starting new HTTP connection (1): ceprj.gachon.ac.kr:60007
2024-05-20 19:11:24,873 - DEBUG - http://ceprj.gachon.ac.kr:60007 "POST /api/logs/sensor-logs HTTP/1.1" 201 25
2024-05-20 19:11:24,879 - DEBUG - Starting new HTTP connection (1): ceprj.gachon.ac.kr:60007
2024-05-20 19:11:24,912 - DEBUG - http://ceprj.gachon.ac.kr:60007 "POST /api/logs/sensor-logs HTTP/1.1" 201 25
2024-05-20 19:11:24,919 - DEBUG - Starting new HTTP connection (1): ceprj.gachon.ac.kr:60007
2024-05-20 19:11:24,952 - DEBUG - http://ceprj.gachon.ac.kr:60007 "POST /api/logs/sensor-logs HTTP/1.1" 201 25
2024-05-20 19:11:24,960 - DEBUG - Starting new HTTP connection (1): ceprj.gachon.ac.kr:60007
2024-05-20 19:11:24,995 - DEBUG - http://ceprj.gachon.ac.kr:60007 "POST /api/logs/sensor-logs HTTP/1.1" 201 25
2024-05-20 19:11:25,002 - DEBUG - Starting new HTTP connection (1): ceprj.gachon.ac.kr:60007
2024-05-20 19:11:25,065 - DEBUG - http://ceprj.gachon.ac.kr:60007 "POST /api/logs/actuator-log HTTP/1.1" 201 39
2024-05-20 19:11:25,068 - DEBUG - FanOn:temp_high
2024-05-20 19:11:29,079 - DEBUG - Starting new HTTP connection (1): ceprj.gachon.ac.kr:60007
2024-05-20 19:11:29,118 - DEBUG - http://ceprj.gachon.ac.kr:60007 "POST /api/logs/actuator-log HTTP/1.1" 201 39
2024-05-20 19:11:39,826 - DEBUG - AIrequset
2024-05-20 19:11:40,631 - DEBUG - Starting new HTTP connection (1): ceprj.gachon.ac.kr:60007
2024-05-20 19:11:40,842 - DEBUG - http://ceprj.gachon.ac.kr:60007 "POST /api/devices/photo HTTP/1.1" 201 96
2024-05-20 19:11:47,523 - DEBUG - SMART POT STOP
2024-05-20 19:11:47,525 - DEBUG - HumiOff:manual
2024-05-20 19:12:14,984 - DEBUG - module_setup
2024-05-20 19:12:14,984 - DEBUG - PumpOn:manual
2024-05-20 19:12:15,987 - DEBUG - SMART POT START
2024-05-20 19:12:15,990 - DEBUG - SMART POT START
2024-05-20 19:12:15,995 - DEBUG - LedOn: Auto
2024-05-20 19:12:16,001 - DEBUG - Starting new HTTP connection (1): ceprj.gachon.ac.kr:60007
2024-05-20 19:12:16,031 - DEBUG - http://ceprj.gachon.ac.kr:60007 "POST /api/logs/actuator-log HTTP/1.1" 201 39
2024-05-20 19:12:21,573 - DEBUG - Starting new HTTP connection (1): ceprj.gachon.ac.kr:60007
2024-05-20 19:12:21,630 - DEBUG - http://ceprj.gachon.ac.kr:60007 "POST /api/logs/sensor-logs HTTP/1.1" 201 25
2024-05-20 19:12:21,640 - DEBUG - Starting new HTTP connection (1): ceprj.gachon.ac.kr:60007
2024-05-20 19:12:21,670 - DEBUG - http://ceprj.gachon.ac.kr:60007 "POST /api/logs/sensor-logs HTTP/1.1" 201 25
2024-05-20 19:12:21,677 - DEBUG - Starting new HTTP connection (1): ceprj.gachon.ac.kr:60007
2024-05-20 19:12:21,708 - DEBUG - http://ceprj.gachon.ac.kr:60007 "POST /api/logs/sensor-logs HTTP/1.1" 201 25
2024-05-20 19:12:21,716 - DEBUG - Starting new HTTP connection (1): ceprj.gachon.ac.kr:60007
2024-05-20 19:12:21,779 - DEBUG - http://ceprj.gachon.ac.kr:60007 "POST /api/logs/sensor-logs HTTP/1.1" 201 25
2024-05-20 19:12:21,787 - DEBUG - Starting new HTTP connection (1): ceprj.gachon.ac.kr:60007
2024-05-20 19:12:21,825 - DEBUG - http://ceprj.gachon.ac.kr:60007 "POST /api/logs/actuator-log HTTP/1.1" 201 39
2024-05-20 19:12:21,828 - DEBUG - FanOn:temp_high
2024-05-20 19:12:25,840 - DEBUG - Starting new HTTP connection (1): ceprj.gachon.ac.kr:60007
2024-05-20 19:12:25,896 - DEBUG - http://ceprj.gachon.ac.kr:60007 "POST /api/logs/actuator-log HTTP/1.1" 201 39
2024-05-20 19:12:52,977 - DEBUG - SMART POT CONNETED
2024-05-20 19:13:22,228 - DEBUG - SMART POT INIT
2024-05-20 19:13:22,233 - DEBUG - SMART POT STOP
2024-05-20 19:13:49,910 - DEBUG - SMART POT CONNETED
2024-05-20 19:13:50,056 - DEBUG - SMART POT CONNETED
2024-05-20 19:13:50,153 - DEBUG - SMART POT CONNETED
2024-05-20 19:14:58,344 - DEBUG - SMART POT CONNETED
2024-05-20 19:15:33,768 - DEBUG - SMART POT CONNETED
2024-05-20 19:15:34,304 - DEBUG - SMART POT CONNETED
2024-05-20 19:15:34,402 - DEBUG - SMART POT CONNETED
2024-05-20 19:15:43,665 - DEBUG - Plant_Wirte
2024-05-20 19:15:43,674 - DEBUG - Starting new HTTP connection (1): ceprj.gachon.ac.kr:60007
2024-05-20 19:15:43,713 - DEBUG - http://ceprj.gachon.ac.kr:60007 "GET /api/plantdata/plants/name/%EB%8D%B0%EC%9D%B4%EC%A7%80 HTTP/1.1" 200 494
2024-05-20 19:15:43,720 - DEBUG - SMART POT RESTART
2024-05-20 19:15:43,723 - DEBUG - SMART POT STOP
2024-05-20 19:15:46,726 - DEBUG - SMART POT START
2024-05-20 19:15:46,733 - DEBUG - LedOn: Auto
2024-05-20 19:15:46,740 - DEBUG - Starting new HTTP connection (1): ceprj.gachon.ac.kr:60007
2024-05-20 19:15:46,826 - DEBUG - http://ceprj.gachon.ac.kr:60007 "POST /api/logs/actuator-log HTTP/1.1" 201 39
2024-05-20 19:15:52,364 - DEBUG - Starting new HTTP connection (1): ceprj.gachon.ac.kr:60007
2024-05-20 19:15:52,419 - DEBUG - http://ceprj.gachon.ac.kr:60007 "POST /api/logs/actuator-log HTTP/1.1" 201 39
2024-05-20 19:15:52,422 - DEBUG - FanOn:humi_high
2024-05-20 19:15:59,230 - DEBUG - SMART POT CONNETED
2024-05-20 19:15:59,327 - DEBUG - SMART POT CONNETED
2024-05-20 19:15:59,473 - DEBUG - SMART POT CONNETED
2024-05-20 19:16:00,010 - DEBUG - SMART POT CONNETED
2024-05-20 19:16:00,546 - DEBUG - SMART POT CONNETED
2024-05-20 19:16:01,228 - DEBUG - SMART POT CONNETED
2024-05-20 19:16:01,375 - DEBUG - SMART POT CONNETED
2024-05-20 19:16:11,467 - DEBUG - SMART POT INIT
2024-05-20 19:16:11,472 - DEBUG - SMART POT STOP
2024-05-20 19:16:22,481 - DEBUG - SMART POT CONNETED
2024-05-20 19:16:22,628 - DEBUG - SMART POT CONNETED
2024-05-20 19:16:23,164 - DEBUG - SMART POT CONNETED
2024-05-20 19:17:41,695 - DEBUG - SMART POT CONNETED
2024-05-20 19:18:22,394 - DEBUG - SMART POT CONNETED
2024-05-20 19:18:29,626 - DEBUG - AIrequset
2024-05-20 19:18:30,431 - DEBUG - Starting new HTTP connection (1): ceprj.gachon.ac.kr:60007
2024-05-20 19:18:35,621 - DEBUG - http://ceprj.gachon.ac.kr:60007 "POST /api/devices/photo HTTP/1.1" 201 96
2024-05-20 19:19:10,334 - DEBUG - Plant_Wirte
2024-05-20 19:19:10,343 - DEBUG - Starting new HTTP connection (1): ceprj.gachon.ac.kr:60007
2024-05-20 19:19:10,461 - DEBUG - http://ceprj.gachon.ac.kr:60007 "GET /api/plantdata/plants/name/%EA%BD%83%EB%B2%A0%EA%B3%A0%EB%8B%88%EC%95%84 HTTP/1.1" 200 570
2024-05-20 19:19:10,469 - DEBUG - SMART POT RESTART
2024-05-20 19:19:10,471 - DEBUG - SMART POT STOP
2024-05-20 19:19:13,474 - DEBUG - SMART POT START
2024-05-20 19:19:13,481 - DEBUG - LedOn: Auto
2024-05-20 19:19:13,488 - DEBUG - Starting new HTTP connection (1): ceprj.gachon.ac.kr:60007
2024-05-20 19:19:13,631 - DEBUG - http://ceprj.gachon.ac.kr:60007 "POST /api/logs/actuator-log HTTP/1.1" 201 39
2024-05-20 19:19:19,168 - DEBUG - Starting new HTTP connection (1): ceprj.gachon.ac.kr:60007
2024-05-20 19:19:21,107 - DEBUG - SMART POT INIT
2024-05-20 19:19:21,112 - DEBUG - SMART POT STOP
2024-05-20 19:19:24,231 - DEBUG - http://ceprj.gachon.ac.kr:60007 "POST /api/logs/actuator-log HTTP/1.1" 201 39
2024-05-20 19:19:24,236 - DEBUG - FanOn:humi_high
2024-05-20 19:19:45,922 - DEBUG - SMART POT CONNETED
2024-05-20 19:19:46,848 - DEBUG - SMART POT CONNETED
2024-05-20 19:22:30,427 - DEBUG - SMART POT CONNETED
2024-05-20 19:22:43,547 - DEBUG - SMART POT CONNETED
2024-05-20 19:23:01,634 - DEBUG - AIrequset
2024-05-20 19:23:02,434 - DEBUG - Starting new HTTP connection (1): ceprj.gachon.ac.kr:60007
2024-05-20 19:23:02,608 - DEBUG - http://ceprj.gachon.ac.kr:60007 "POST /api/devices/photo HTTP/1.1" 201 96
2024-05-20 19:23:07,923 - DEBUG - Plant_Wirte
2024-05-20 19:23:07,933 - DEBUG - Starting new HTTP connection (1): ceprj.gachon.ac.kr:60007
2024-05-20 19:23:07,965 - DEBUG - http://ceprj.gachon.ac.kr:60007 "GET /api/plantdata/plants/name/%EB%8D%94%ED%94%BC%EA%B3%A0%EC%82%AC%EB%A6%AC HTTP/1.1" 200 621
2024-05-20 19:23:07,973 - DEBUG - SMART POT RESTART
2024-05-20 19:23:07,975 - DEBUG - SMART POT STOP
2024-05-20 19:23:10,978 - DEBUG - SMART POT START
2024-05-20 19:23:10,985 - DEBUG - LedOn: Auto
2024-05-20 19:23:10,992 - DEBUG - Starting new HTTP connection (1): ceprj.gachon.ac.kr:60007
2024-05-20 19:23:11,034 - DEBUG - http://ceprj.gachon.ac.kr:60007 "POST /api/logs/actuator-log HTTP/1.1" 201 39
2024-05-20 19:23:16,571 - DEBUG - Starting new HTTP connection (1): ceprj.gachon.ac.kr:60007
2024-05-20 19:23:16,601 - DEBUG - SMART POT INIT
2024-05-20 19:23:16,606 - DEBUG - SMART POT STOP
2024-05-20 19:23:16,609 - DEBUG - http://ceprj.gachon.ac.kr:60007 "POST /api/logs/actuator-log HTTP/1.1" 201 39
2024-05-20 19:23:16,612 - DEBUG - FanOn:temp_high
2024-05-20 19:23:20,622 - DEBUG - Starting new HTTP connection (1): ceprj.gachon.ac.kr:60007
2024-05-20 19:23:20,669 - DEBUG - http://ceprj.gachon.ac.kr:60007 "POST /api/logs/actuator-log HTTP/1.1" 201 39
2024-05-20 19:23:23,624 - DEBUG - SMART POT CONNETED
2024-05-20 19:23:23,722 - DEBUG - SMART POT CONNETED
2024-05-20 19:23:24,794 - DEBUG - SMART POT CONNETED
2024-05-20 19:23:25,330 - DEBUG - SMART POT CONNETED
2024-05-20 19:23:25,477 - DEBUG - SMART POT CONNETED
2024-05-20 19:26:05,218 - DEBUG - SMART POT CONNETED
2024-05-20 19:26:09,301 - DEBUG - SMART POT CONNETED
2024-05-20 19:26:12,617 - DEBUG - AIrequset
2024-05-20 19:26:13,416 - DEBUG - Starting new HTTP connection (1): ceprj.gachon.ac.kr:60007
2024-05-20 19:26:23,425 - DEBUG - http://ceprj.gachon.ac.kr:60007 "POST /api/devices/photo HTTP/1.1" 201 105
2024-05-20 19:26:23,585 - DEBUG - AIrequset
2024-05-20 19:26:24,387 - DEBUG - Starting new HTTP connection (1): ceprj.gachon.ac.kr:60007
2024-05-20 19:26:36,848 - DEBUG - http://ceprj.gachon.ac.kr:60007 "POST /api/devices/photo HTTP/1.1" 201 105
2024-05-20 19:26:37,041 - DEBUG - AIrequset
2024-05-20 19:26:37,842 - DEBUG - Starting new HTTP connection (1): ceprj.gachon.ac.kr:60007
2024-05-20 19:26:48,905 - DEBUG - http://ceprj.gachon.ac.kr:60007 "POST /api/devices/photo HTTP/1.1" 201 105
2024-05-20 19:26:49,033 - DEBUG - AIrequset
2024-05-20 19:26:49,831 - DEBUG - Starting new HTTP connection (1): ceprj.gachon.ac.kr:60007
2024-05-20 19:27:01,324 - DEBUG - http://ceprj.gachon.ac.kr:60007 "POST /api/devices/photo HTTP/1.1" 201 102
2024-05-20 19:27:05,073 - DEBUG - Plant_Wirte
2024-05-20 19:27:05,083 - DEBUG - Starting new HTTP connection (1): ceprj.gachon.ac.kr:60007
2024-05-20 19:27:05,118 - DEBUG - http://ceprj.gachon.ac.kr:60007 "GET /api/plantdata/plants/name/%EC%9E%A5%EB%AF%B8 HTTP/1.1" 200 465
2024-05-20 19:27:05,128 - DEBUG - SMART POT RESTART
2024-05-20 19:27:05,131 - DEBUG - SMART POT STOP
2024-05-20 19:27:08,133 - DEBUG - SMART POT START
2024-05-20 19:27:08,140 - DEBUG - LedOn: Auto
2024-05-20 19:27:08,146 - DEBUG - Starting new HTTP connection (1): ceprj.gachon.ac.kr:60007
2024-05-20 19:27:08,230 - DEBUG - http://ceprj.gachon.ac.kr:60007 "POST /api/logs/actuator-log HTTP/1.1" 201 39
2024-05-20 19:27:13,767 - DEBUG - Starting new HTTP connection (1): ceprj.gachon.ac.kr:60007
2024-05-20 19:27:13,807 - DEBUG - http://ceprj.gachon.ac.kr:60007 "POST /api/logs/actuator-log HTTP/1.1" 201 39
2024-05-20 19:27:13,810 - DEBUG - FanOn:humi_high
2024-05-20 19:27:15,164 - DEBUG - SMART POT INIT
2024-05-20 19:27:15,170 - DEBUG - SMART POT STOP
2024-05-20 19:29:15,565 - DEBUG - SMART POT STOP
2024-05-20 19:29:15,568 - DEBUG - HumiOff:manual
2024-05-20 19:29:22,677 - DEBUG - module_setup
2024-05-20 19:29:22,677 - DEBUG - PumpOn:manual
2024-05-20 19:29:23,680 - DEBUG - SMART POT START
2024-05-20 19:29:33,175 - DEBUG - SMART POT CONNETED
2024-05-20 19:29:54,213 - DEBUG - SMART POT CONNETED
2024-05-20 19:31:14,718 - DEBUG - SMART POT CONNETED
2024-05-20 19:31:14,815 - DEBUG - SMART POT CONNETED
2024-05-20 19:31:14,961 - DEBUG - SMART POT CONNETED
2024-05-20 19:31:25,297 - DEBUG - AIrequset
2024-05-20 19:31:26,108 - DEBUG - Starting new HTTP connection (1): ceprj.gachon.ac.kr:60007
2024-05-20 19:31:37,844 - DEBUG - http://ceprj.gachon.ac.kr:60007 "POST /api/devices/photo HTTP/1.1" 201 105
2024-05-20 19:32:00,340 - DEBUG - SMART POT CONNETED
2024-05-20 19:32:00,438 - DEBUG - SMART POT CONNETED
2024-05-20 19:32:01,120 - DEBUG - SMART POT CONNETED
2024-05-20 19:32:01,803 - DEBUG - SMART POT CONNETED
2024-05-20 19:32:01,901 - DEBUG - SMART POT CONNETED
2024-05-20 19:34:04,489 - DEBUG - SMART POT CONNETED
2024-05-20 19:34:04,587 - DEBUG - SMART POT CONNETED
2024-05-20 19:34:04,685 - DEBUG - SMART POT CONNETED
2024-05-20 19:34:05,221 - DEBUG - SMART POT CONNETED
2024-05-20 19:34:05,757 - DEBUG - SMART POT CONNETED
2024-05-20 19:34:06,342 - DEBUG - SMART POT CONNETED
2024-05-20 19:34:06,878 - DEBUG - SMART POT CONNETED
2024-05-20 19:34:07,414 - DEBUG - SMART POT CONNETED
2024-05-20 19:34:07,512 - DEBUG - SMART POT CONNETED
2024-05-20 19:34:09,511 - DEBUG - Plant_Wirte
2024-05-20 19:34:09,521 - DEBUG - Starting new HTTP connection (1): ceprj.gachon.ac.kr:60007
2024-05-20 19:34:09,553 - DEBUG - http://ceprj.gachon.ac.kr:60007 "GET /api/plantdata/plants/name/%EB%8D%94%ED%94%BC%EA%B3%A0%EC%82%AC%EB%A6%AC HTTP/1.1" 200 621
2024-05-20 19:34:09,561 - DEBUG - SMART POT RESTART
2024-05-20 19:34:09,564 - DEBUG - SMART POT STOP
2024-05-20 19:34:12,568 - DEBUG - SMART POT START
2024-05-20 19:34:12,575 - DEBUG - LedOn: Auto
2024-05-20 19:34:12,583 - DEBUG - Starting new HTTP connection (1): ceprj.gachon.ac.kr:60007
2024-05-20 19:34:12,626 - DEBUG - http://ceprj.gachon.ac.kr:60007 "POST /api/logs/actuator-log HTTP/1.1" 201 39
2024-05-20 19:34:18,170 - DEBUG - Starting new HTTP connection (1): ceprj.gachon.ac.kr:60007
2024-05-20 19:34:18,216 - DEBUG - http://ceprj.gachon.ac.kr:60007 "POST /api/logs/sensor-logs HTTP/1.1" 201 25
2024-05-20 19:34:18,222 - DEBUG - Starting new HTTP connection (1): ceprj.gachon.ac.kr:60007
2024-05-20 19:34:18,257 - DEBUG - http://ceprj.gachon.ac.kr:60007 "POST /api/logs/sensor-logs HTTP/1.1" 201 25
2024-05-20 19:34:18,264 - DEBUG - Starting new HTTP connection (1): ceprj.gachon.ac.kr:60007
2024-05-20 19:34:18,299 - DEBUG - http://ceprj.gachon.ac.kr:60007 "POST /api/logs/sensor-logs HTTP/1.1" 201 25
2024-05-20 19:34:18,306 - DEBUG - Starting new HTTP connection (1): ceprj.gachon.ac.kr:60007
2024-05-20 19:34:18,340 - DEBUG - http://ceprj.gachon.ac.kr:60007 "POST /api/logs/sensor-logs HTTP/1.1" 201 25
2024-05-20 19:34:18,347 - DEBUG - Starting new HTTP connection (1): ceprj.gachon.ac.kr:60007
2024-05-20 19:34:18,381 - DEBUG - http://ceprj.gachon.ac.kr:60007 "POST /api/logs/actuator-log HTTP/1.1" 201 39
2024-05-20 19:34:18,384 - DEBUG - FanOn:temp_high
2024-05-20 19:34:19,797 - DEBUG - SMART POT INIT
2024-05-20 19:34:19,803 - DEBUG - SMART POT STOP
2024-05-20 19:34:22,396 - DEBUG - Starting new HTTP connection (1): ceprj.gachon.ac.kr:60007
2024-05-20 19:34:22,436 - DEBUG - http://ceprj.gachon.ac.kr:60007 "POST /api/logs/actuator-log HTTP/1.1" 201 39
2024-05-20 19:34:28,479 - DEBUG - SMART POT CONNETED
2024-05-20 19:34:29,015 - DEBUG - SMART POT CONNETED
2024-05-20 19:34:29,113 - DEBUG - SMART POT CONNETED
2024-05-20 19:35:21,243 - DEBUG - SMART POT CONNETED
2024-05-20 19:35:26,508 - DEBUG - SMART POT CONNETED
2024-05-20 19:35:30,506 - DEBUG - AIrequset
2024-05-20 19:35:31,308 - DEBUG - Starting new HTTP connection (1): ceprj.gachon.ac.kr:60007
2024-05-20 19:35:31,709 - DEBUG - http://ceprj.gachon.ac.kr:60007 "POST /api/devices/photo HTTP/1.1" 201 96
2024-05-20 19:43:08,491 - DEBUG - SMART POT CONNETED
2024-05-20 19:43:08,589 - DEBUG - SMART POT CONNETED
2024-05-20 19:43:08,686 - DEBUG - SMART POT CONNETED
2024-05-20 19:43:09,320 - DEBUG - SMART POT CONNETED
2024-05-20 19:43:10,002 - DEBUG - SMART POT CONNETED
2024-05-20 19:43:10,538 - DEBUG - SMART POT CONNETED
2024-05-20 19:43:11,123 - DEBUG - SMART POT CONNETED
2024-05-20 19:43:11,221 - DEBUG - Plant_Wirte
2024-05-20 19:43:11,231 - DEBUG - Starting new HTTP connection (1): ceprj.gachon.ac.kr:60007
2024-05-20 19:43:11,283 - DEBUG - http://ceprj.gachon.ac.kr:60007 "GET /api/plantdata/plants/name/%EB%8D%B0%EC%9D%B4%EC%A7%80 HTTP/1.1" 200 494
2024-05-20 19:43:11,290 - DEBUG - SMART POT RESTART
2024-05-20 19:43:11,292 - DEBUG - SMART POT STOP
2024-05-20 19:43:14,296 - DEBUG - SMART POT START
2024-05-20 19:43:14,303 - DEBUG - LedOn: Auto
2024-05-20 19:43:14,311 - DEBUG - Starting new HTTP connection (1): ceprj.gachon.ac.kr:60007
2024-05-20 19:43:14,349 - DEBUG - http://ceprj.gachon.ac.kr:60007 "POST /api/logs/actuator-log HTTP/1.1" 201 39
2024-05-20 19:43:14,975 - DEBUG - SMART POT CONNETED
2024-05-20 19:43:15,121 - DEBUG - SMART POT CONNETED
2024-05-20 19:43:18,583 - DEBUG - SMART POT INIT
2024-05-20 19:43:18,588 - DEBUG - SMART POT STOP
2024-05-20 19:43:26,239 - DEBUG - SMART POT CONNETED
2024-05-20 19:43:26,336 - DEBUG - SMART POT CONNETED
2024-05-20 19:43:26,433 - DEBUG - SMART POT CONNETED
2024-05-20 19:43:27,116 - DEBUG - SMART POT CONNETED
2024-05-20 19:43:27,799 - DEBUG - SMART POT CONNETED
2024-05-20 19:43:28,481 - DEBUG - SMART POT CONNETED
2024-05-20 19:43:29,164 - DEBUG - SMART POT CONNETED
2024-05-20 19:43:29,749 - DEBUG - SMART POT CONNETED
2024-05-20 19:43:29,846 - DEBUG - SMART POT CONNETED
2024-05-20 19:47:39,900 - DEBUG - SMART POT CONNETED
2024-05-20 19:47:39,998 - DEBUG - SMART POT CONNETED
2024-05-20 19:47:40,144 - DEBUG - SMART POT CONNETED
2024-05-20 19:47:40,680 - DEBUG - SMART POT CONNETED
2024-05-20 19:47:41,217 - DEBUG - SMART POT CONNETED
2024-05-20 19:47:41,753 - DEBUG - SMART POT CONNETED
2024-05-20 19:47:42,289 - DEBUG - SMART POT CONNETED
2024-05-20 19:47:42,825 - DEBUG - SMART POT CONNETED
2024-05-20 19:47:42,923 - DEBUG - SMART POT CONNETED
2024-05-20 19:47:50,236 - DEBUG - SMART POT INIT
2024-05-20 19:47:50,242 - DEBUG - SMART POT STOP
2024-05-20 19:47:57,997 - DEBUG - SMART POT CONNETED
2024-05-20 19:47:58,095 - DEBUG - SMART POT CONNETED
2024-05-20 19:47:58,192 - DEBUG - SMART POT CONNETED
2024-05-20 19:47:58,289 - DEBUG - SMART POT CONNETED
2024-05-20 19:48:27,131 - DEBUG - SMART POT CONNETED
2024-05-20 19:48:27,277 - DEBUG - SMART POT CONNETED
2024-05-20 19:48:27,375 - DEBUG - SMART POT CONNETED
2024-05-20 19:48:28,057 - DEBUG - SMART POT CONNETED
2024-05-20 19:48:28,593 - DEBUG - SMART POT CONNETED
2024-05-20 19:48:28,740 - DEBUG - SMART POT CONNETED
2024-05-20 19:48:33,128 - DEBUG - SMART POT INIT
2024-05-20 19:48:33,133 - DEBUG - SMART POT STOP
2024-05-20 19:48:47,795 - DEBUG - SMART POT CONNETED
2024-05-20 19:49:19,395 - DEBUG - SMART POT CONNETED
2024-05-20 19:49:19,493 - DEBUG - SMART POT CONNETED
2024-05-20 19:49:19,590 - DEBUG - SMART POT CONNETED
2024-05-20 19:49:20,125 - DEBUG - SMART POT CONNETED
2024-05-20 19:49:20,662 - DEBUG - SMART POT CONNETED
2024-05-20 19:49:21,198 - DEBUG - SMART POT CONNETED
2024-05-20 19:49:21,344 - DEBUG - SMART POT CONNETED
2024-05-20 19:49:42,053 - DEBUG - SMART POT CONNETED
2024-05-20 19:49:42,200 - DEBUG - SMART POT CONNETED
2024-05-20 19:49:42,297 - DEBUG - SMART POT CONNETED
2024-05-20 19:49:42,882 - DEBUG - SMART POT CONNETED
2024-05-20 19:49:42,980 - DEBUG - Plant_Wirte
2024-05-20 19:49:42,990 - DEBUG - Starting new HTTP connection (1): ceprj.gachon.ac.kr:60007
2024-05-20 19:49:43,046 - DEBUG - http://ceprj.gachon.ac.kr:60007 "GET /api/plantdata/plants/name/%EA%B8%88%EC%A0%84%EC%88%98 HTTP/1.1" 200 500
2024-05-20 19:49:43,053 - DEBUG - SMART POT RESTART
2024-05-20 19:49:43,055 - DEBUG - SMART POT STOP
2024-05-20 19:49:46,059 - DEBUG - SMART POT START
2024-05-20 19:49:46,066 - DEBUG - LedOn: Auto
2024-05-20 19:49:46,074 - DEBUG - Starting new HTTP connection (1): ceprj.gachon.ac.kr:60007
2024-05-20 19:49:46,115 - DEBUG - http://ceprj.gachon.ac.kr:60007 "POST /api/logs/actuator-log HTTP/1.1" 201 39
2024-05-20 19:49:46,685 - DEBUG - SMART POT CONNETED
2024-05-20 19:49:47,221 - DEBUG - SMART POT CONNETED
2024-05-20 19:49:47,319 - DEBUG - SMART POT CONNETED
2024-05-20 19:49:49,805 - DEBUG - SMART POT INIT
2024-05-20 19:49:49,811 - DEBUG - SMART POT STOP
2024-05-20 19:50:01,935 - DEBUG - SMART POT CONNETED
2024-05-20 19:50:02,032 - DEBUG - SMART POT CONNETED
2024-05-20 19:50:02,130 - DEBUG - SMART POT CONNETED
2024-05-20 19:50:02,715 - DEBUG - SMART POT CONNETED
2024-05-20 19:50:39,577 - DEBUG - SMART POT CONNETED
2024-05-20 19:52:10,308 - DEBUG - SMART POT CONNETED
2024-05-20 19:52:10,405 - DEBUG - SMART POT CONNETED
2024-05-20 19:52:10,503 - DEBUG - SMART POT CONNETED
2024-05-20 19:52:15,622 - DEBUG - Plant_Wirte
2024-05-20 19:52:15,632 - DEBUG - Starting new HTTP connection (1): ceprj.gachon.ac.kr:60007
2024-05-20 19:52:15,668 - DEBUG - http://ceprj.gachon.ac.kr:60007 "GET /api/plantdata/plants/name/%EA%BD%83%EB%B2%A0%EA%B3%A0%EB%8B%88%EC%95%84 HTTP/1.1" 200 570
2024-05-20 19:52:15,676 - DEBUG - SMART POT RESTART
2024-05-20 19:52:15,679 - DEBUG - SMART POT STOP
2024-05-20 19:52:18,683 - DEBUG - SMART POT START
2024-05-20 19:52:18,690 - DEBUG - LedOn: Auto
2024-05-20 19:52:18,697 - DEBUG - Starting new HTTP connection (1): ceprj.gachon.ac.kr:60007
2024-05-20 19:52:18,736 - DEBUG - http://ceprj.gachon.ac.kr:60007 "POST /api/logs/actuator-log HTTP/1.1" 201 39
2024-05-20 19:52:24,273 - DEBUG - Starting new HTTP connection (1): ceprj.gachon.ac.kr:60007
2024-05-20 19:52:24,322 - DEBUG - http://ceprj.gachon.ac.kr:60007 "POST /api/logs/actuator-log HTTP/1.1" 201 39
2024-05-20 19:52:24,325 - DEBUG - FanOn:humi_high
2024-05-20 19:52:24,397 - DEBUG - SMART POT INIT
2024-05-20 19:52:24,401 - DEBUG - SMART POT STOP
2024-05-20 19:52:42,006 - DEBUG - SMART POT CONNETED
2024-05-20 19:54:19,389 - DEBUG - SMART POT CONNETED
2024-05-20 19:54:36,059 - DEBUG - SMART POT CONNETED
2024-05-20 19:54:36,157 - DEBUG - SMART POT CONNETED
2024-05-20 19:54:36,254 - DEBUG - SMART POT CONNETED
2024-05-20 19:54:36,352 - DEBUG - SMART POT CONNETED
2024-05-20 19:54:38,400 - DEBUG - Plant_Wirte
2024-05-20 19:54:38,409 - DEBUG - Starting new HTTP connection (1): ceprj.gachon.ac.kr:60007
2024-05-20 19:54:38,441 - DEBUG - http://ceprj.gachon.ac.kr:60007 "GET /api/plantdata/plants/name/%EA%B8%88%EC%A0%84%EC%88%98 HTTP/1.1" 200 500
2024-05-20 19:54:38,448 - DEBUG - SMART POT RESTART
2024-05-20 19:54:38,451 - DEBUG - SMART POT STOP
2024-05-20 19:54:41,454 - DEBUG - SMART POT START
2024-05-20 19:54:41,461 - DEBUG - LedOn: Auto
2024-05-20 19:54:41,467 - DEBUG - Starting new HTTP connection (1): ceprj.gachon.ac.kr:60007
2024-05-20 19:54:41,568 - DEBUG - http://ceprj.gachon.ac.kr:60007 "POST /api/logs/actuator-log HTTP/1.1" 201 39
2024-05-20 19:54:47,105 - DEBUG - Starting new HTTP connection (1): ceprj.gachon.ac.kr:60007
2024-05-20 19:54:47,175 - DEBUG - http://ceprj.gachon.ac.kr:60007 "POST /api/logs/actuator-log HTTP/1.1" 201 39
2024-05-20 19:54:47,178 - DEBUG - FanOn:temp_high
2024-05-20 19:54:52,286 - DEBUG - SMART POT CONNETED
2024-05-20 19:54:52,481 - DEBUG - SMART POT CONNETED
2024-05-20 19:54:52,627 - DEBUG - SMART POT CONNETED
2024-05-20 19:54:53,163 - DEBUG - SMART POT CONNETED
2024-05-20 19:55:07,104 - DEBUG - SMART POT INIT
2024-05-20 19:55:07,109 - DEBUG - SMART POT STOP
2024-05-20 19:55:44,591 - DEBUG - SMART POT CONNETED
2024-05-20 20:02:58,126 - DEBUG - SMART POT CONNETED
2024-05-20 20:02:58,223 - DEBUG - SMART POT CONNETED
2024-05-20 20:02:58,321 - DEBUG - SMART POT CONNETED
2024-05-20 20:02:59,003 - DEBUG - SMART POT CONNETED
2024-05-20 20:02:59,686 - DEBUG - SMART POT CONNETED
2024-05-20 20:02:59,832 - DEBUG - SMART POT CONNETED
2024-05-20 20:03:00,417 - DEBUG - Plant_Wirte
2024-05-20 20:03:00,426 - DEBUG - Starting new HTTP connection (1): ceprj.gachon.ac.kr:60007
2024-05-20 20:03:00,474 - DEBUG - http://ceprj.gachon.ac.kr:60007 "GET /api/plantdata/plants/name/%EA%B8%88%EC%A0%84%EC%88%98 HTTP/1.1" 200 500
2024-05-20 20:03:00,481 - DEBUG - SMART POT RESTART
2024-05-20 20:03:00,483 - DEBUG - SMART POT STOP
2024-05-20 20:03:03,487 - DEBUG - SMART POT START
2024-05-20 20:03:03,494 - DEBUG - LedOn: Auto
2024-05-20 20:03:03,501 - DEBUG - Starting new HTTP connection (1): ceprj.gachon.ac.kr:60007
2024-05-20 20:03:03,588 - DEBUG - http://ceprj.gachon.ac.kr:60007 "POST /api/logs/actuator-log HTTP/1.1" 201 39
2024-05-20 20:03:06,755 - DEBUG - SMART POT INIT
2024-05-20 20:03:06,761 - DEBUG - SMART POT STOP
2024-05-20 20:03:14,996 - DEBUG - SMART POT CONNETED
2024-05-20 20:03:15,094 - DEBUG - SMART POT CONNETED
2024-05-20 20:03:15,191 - DEBUG - SMART POT CONNETED
2024-05-20 20:03:15,289 - DEBUG - SMART POT CONNETED
2024-05-20 20:03:42,275 - DEBUG - SMART POT CONNETED
2024-05-20 20:03:45,811 - DEBUG - SMART POT CONNETED
2024-05-20 20:05:13,397 - DEBUG - SMART POT CONNETED
2024-05-20 20:05:16,993 - DEBUG - SMART POT CONNETED
2024-05-20 20:08:40,995 - DEBUG - SMART POT CONNETED
2024-05-20 20:08:41,530 - DEBUG - SMART POT CONNETED
2024-05-20 20:08:41,628 - DEBUG - SMART POT CONNETED
2024-05-20 20:08:44,286 - DEBUG - SMART POT STOP
2024-05-20 20:08:44,289 - DEBUG - HumiOff:manual
2024-05-20 20:08:51,240 - DEBUG - module_setup
2024-05-20 20:08:51,240 - DEBUG - PumpOn:manual
2024-05-20 20:08:52,243 - DEBUG - SMART POT START
2024-05-20 20:08:58,602 - DEBUG - SMART POT CONNETED
2024-05-20 20:09:00,908 - DEBUG - SMART POT CONNETED
2024-05-20 20:09:49,190 - DEBUG - SMART POT CONNETED
2024-05-20 20:09:49,288 - DEBUG - SMART POT CONNETED
2024-05-20 20:09:49,385 - DEBUG - SMART POT CONNETED
2024-05-20 20:09:49,921 - DEBUG - SMART POT CONNETED
2024-05-20 20:09:50,457 - DEBUG - SMART POT CONNETED
2024-05-20 20:09:50,555 - DEBUG - SMART POT CONNETED
2024-05-20 20:09:51,140 - DEBUG - AIrequset
2024-05-20 20:09:51,948 - DEBUG - Starting new HTTP connection (1): ceprj.gachon.ac.kr:60007
2024-05-20 20:10:01,627 - DEBUG - http://ceprj.gachon.ac.kr:60007 "POST /api/devices/photo HTTP/1.1" 201 105
2024-05-20 20:10:01,719 - DEBUG - AIrequset
2024-05-20 20:10:02,521 - DEBUG - Starting new HTTP connection (1): ceprj.gachon.ac.kr:60007
2024-05-20 20:10:16,668 - DEBUG - http://ceprj.gachon.ac.kr:60007 "POST /api/devices/photo HTTP/1.1" 201 105
2024-05-20 20:10:16,734 - DEBUG - Plant_Wirte
2024-05-20 20:10:16,744 - DEBUG - Starting new HTTP connection (1): ceprj.gachon.ac.kr:60007
2024-05-20 20:10:16,788 - DEBUG - http://ceprj.gachon.ac.kr:60007 "GET /api/plantdata/plants/name/%EB%8D%B0%EC%9D%B4%EC%A7%80 HTTP/1.1" 200 494
2024-05-20 20:10:16,794 - DEBUG - SMART POT RESTART
2024-05-20 20:10:16,798 - DEBUG - SMART POT STOP
2024-05-20 20:10:19,801 - DEBUG - SMART POT START
2024-05-20 20:10:19,809 - DEBUG - LedOn: Auto
2024-05-20 20:10:19,817 - DEBUG - Starting new HTTP connection (1): ceprj.gachon.ac.kr:60007
2024-05-20 20:10:19,863 - DEBUG - http://ceprj.gachon.ac.kr:60007 "POST /api/logs/actuator-log HTTP/1.1" 201 39
2024-05-20 20:10:27,936 - DEBUG - Starting new HTTP connection (1): ceprj.gachon.ac.kr:60007
2024-05-20 20:10:27,984 - DEBUG - http://ceprj.gachon.ac.kr:60007 "POST /api/logs/sensor-logs HTTP/1.1" 201 25
2024-05-20 20:10:27,991 - DEBUG - Starting new HTTP connection (1): ceprj.gachon.ac.kr:60007
2024-05-20 20:10:28,196 - DEBUG - http://ceprj.gachon.ac.kr:60007 "POST /api/logs/sensor-logs HTTP/1.1" 201 25
2024-05-20 20:10:28,206 - DEBUG - Starting new HTTP connection (1): ceprj.gachon.ac.kr:60007
2024-05-20 20:10:28,250 - DEBUG - http://ceprj.gachon.ac.kr:60007 "POST /api/logs/sensor-logs HTTP/1.1" 201 25
2024-05-20 20:10:28,258 - DEBUG - Starting new HTTP connection (1): ceprj.gachon.ac.kr:60007
2024-05-20 20:10:28,300 - DEBUG - http://ceprj.gachon.ac.kr:60007 "POST /api/logs/sensor-logs HTTP/1.1" 201 25
2024-05-20 20:10:28,308 - DEBUG - Starting new HTTP connection (1): ceprj.gachon.ac.kr:60007
2024-05-20 20:10:28,349 - DEBUG - http://ceprj.gachon.ac.kr:60007 "POST /api/logs/actuator-log HTTP/1.1" 201 39
2024-05-20 20:10:28,352 - DEBUG - FanOn:temp_high
2024-05-20 20:10:39,843 - DEBUG - SMART POT INIT
2024-05-20 20:10:39,848 - DEBUG - SMART POT STOP
2024-05-20 20:11:00,063 - DEBUG - SMART POT CONNETED
2024-05-20 20:11:03,688 - DEBUG - SMART POT CONNETED
2024-05-20 20:14:52,273 - DEBUG - SMART POT CONNETED
2024-05-20 20:14:52,371 - DEBUG - SMART POT CONNETED
2024-05-20 20:14:52,517 - DEBUG - SMART POT CONNETED
2024-05-20 20:14:53,102 - DEBUG - SMART POT CONNETED
2024-05-20 20:14:53,638 - DEBUG - SMART POT CONNETED
2024-05-20 20:14:54,223 - DEBUG - SMART POT CONNETED
2024-05-20 20:14:54,321 - DEBUG - Plant_Wirte
2024-05-20 20:14:54,331 - DEBUG - Starting new HTTP connection (1): ceprj.gachon.ac.kr:60007
2024-05-20 20:14:54,512 - DEBUG - http://ceprj.gachon.ac.kr:60007 "GET /api/plantdata/plants/name/%EB%8D%94%ED%94%BC%EA%B3%A0%EC%82%AC%EB%A6%AC HTTP/1.1" 200 621
2024-05-20 20:14:54,518 - DEBUG - SMART POT RESTART
2024-05-20 20:14:54,521 - DEBUG - SMART POT STOP
2024-05-20 20:14:57,524 - DEBUG - SMART POT START
2024-05-20 20:14:57,531 - DEBUG - LedOn: Auto
2024-05-20 20:14:57,538 - DEBUG - Starting new HTTP connection (1): ceprj.gachon.ac.kr:60007
2024-05-20 20:15:02,586 - DEBUG - http://ceprj.gachon.ac.kr:60007 "POST /api/logs/actuator-log HTTP/1.1" 201 39
2024-05-20 20:15:02,706 - DEBUG - SMART POT CONNETED
2024-05-20 20:15:04,461 - DEBUG - SMART POT INIT
2024-05-20 20:15:04,467 - DEBUG - SMART POT STOP
2024-05-20 20:15:39,095 - DEBUG - SMART POT CONNETED
2024-05-20 20:15:41,705 - DEBUG - SMART POT CONNETED
2024-05-20 20:15:56,623 - DEBUG - AIrequset
2024-05-20 20:15:57,421 - DEBUG - Starting new HTTP connection (1): ceprj.gachon.ac.kr:60007
2024-05-20 20:16:07,197 - DEBUG - http://ceprj.gachon.ac.kr:60007 "POST /api/devices/photo HTTP/1.1" 201 105
2024-05-20 20:16:07,299 - DEBUG - AIrequset
2024-05-20 20:16:08,097 - DEBUG - Starting new HTTP connection (1): ceprj.gachon.ac.kr:60007
2024-05-20 20:16:17,938 - DEBUG - http://ceprj.gachon.ac.kr:60007 "POST /api/devices/photo HTTP/1.1" 201 105
2024-05-20 20:16:18,073 - DEBUG - Plant_Wirte
2024-05-20 20:16:18,081 - DEBUG - Starting new HTTP connection (1): ceprj.gachon.ac.kr:60007
2024-05-20 20:16:18,129 - DEBUG - http://ceprj.gachon.ac.kr:60007 "GET /api/plantdata/plants/name/%EB%8D%B0%EC%9D%B4%EC%A7%80 HTTP/1.1" 200 494
2024-05-20 20:16:18,136 - DEBUG - SMART POT RESTART
2024-05-20 20:16:18,138 - DEBUG - SMART POT STOP
2024-05-20 20:16:21,142 - DEBUG - SMART POT START
2024-05-20 20:16:21,149 - DEBUG - LedOn: Auto
2024-05-20 20:16:21,155 - DEBUG - Starting new HTTP connection (1): ceprj.gachon.ac.kr:60007
2024-05-20 20:16:21,190 - DEBUG - http://ceprj.gachon.ac.kr:60007 "POST /api/logs/actuator-log HTTP/1.1" 201 39
2024-05-20 20:16:21,291 - DEBUG - SMART POT INIT
2024-05-20 20:16:21,295 - DEBUG - SMART POT STOP
2024-05-20 20:16:28,568 - DEBUG - SMART POT CONNETED
2024-05-20 20:16:28,714 - DEBUG - SMART POT CONNETED
2024-05-20 20:16:32,858 - DEBUG - AIrequset
2024-05-20 20:16:33,659 - DEBUG - Starting new HTTP connection (1): ceprj.gachon.ac.kr:60007
2024-05-20 20:16:43,116 - DEBUG - http://ceprj.gachon.ac.kr:60007 "POST /api/devices/photo HTTP/1.1" 201 105
2024-05-20 20:16:46,801 - DEBUG - Plant_Wirte
2024-05-20 20:16:46,811 - DEBUG - Starting new HTTP connection (1): ceprj.gachon.ac.kr:60007
2024-05-20 20:16:46,850 - DEBUG - http://ceprj.gachon.ac.kr:60007 "GET /api/plantdata/plants/name/%EB%8D%B0%EC%9D%B4%EC%A7%80 HTTP/1.1" 200 494
2024-05-20 20:16:46,856 - DEBUG - SMART POT RESTART
2024-05-20 20:16:46,858 - DEBUG - SMART POT STOP
2024-05-20 20:16:49,861 - DEBUG - SMART POT START
2024-05-20 20:16:49,868 - DEBUG - LedOn: Auto
2024-05-20 20:16:49,875 - DEBUG - Starting new HTTP connection (1): ceprj.gachon.ac.kr:60007
2024-05-20 20:16:49,908 - DEBUG - http://ceprj.gachon.ac.kr:60007 "POST /api/logs/actuator-log HTTP/1.1" 201 39
2024-05-20 20:16:54,504 - DEBUG - SMART POT INIT
2024-05-20 20:16:54,509 - DEBUG - SMART POT STOP
2024-05-20 20:17:14,863 - DEBUG - SMART POT CONNETED
2024-05-20 20:17:17,544 - DEBUG - SMART POT CONNETED
2024-05-20 20:17:20,761 - DEBUG - AIrequset
2024-05-20 20:17:21,558 - DEBUG - Starting new HTTP connection (1): ceprj.gachon.ac.kr:60007
2024-05-20 20:17:31,248 - DEBUG - http://ceprj.gachon.ac.kr:60007 "POST /api/devices/photo HTTP/1.1" 201 105
2024-05-20 20:17:34,168 - DEBUG - Plant_Wirte
2024-05-20 20:17:34,178 - DEBUG - Starting new HTTP connection (1): ceprj.gachon.ac.kr:60007
2024-05-20 20:17:34,441 - DEBUG - http://ceprj.gachon.ac.kr:60007 "GET /api/plantdata/plants/name/%EB%8D%B0%EC%9D%B4%EC%A7%80 HTTP/1.1" 200 494
2024-05-20 20:17:34,449 - DEBUG - SMART POT RESTART
2024-05-20 20:17:34,451 - DEBUG - SMART POT STOP
2024-05-20 20:17:37,455 - DEBUG - SMART POT START
2024-05-20 20:17:37,462 - DEBUG - LedOn: Auto
2024-05-20 20:17:37,468 - DEBUG - Starting new HTTP connection (1): ceprj.gachon.ac.kr:60007
2024-05-20 20:17:37,694 - DEBUG - http://ceprj.gachon.ac.kr:60007 "POST /api/logs/actuator-log HTTP/1.1" 201 39
2024-05-20 20:17:43,232 - DEBUG - Starting new HTTP connection (1): ceprj.gachon.ac.kr:60007
2024-05-20 20:17:43,278 - DEBUG - http://ceprj.gachon.ac.kr:60007 "POST /api/logs/actuator-log HTTP/1.1" 201 39
2024-05-20 20:17:43,281 - DEBUG - FanOn:temp_high
2024-05-20 20:18:22,559 - DEBUG - SMART POT STOP
2024-05-20 20:18:22,562 - DEBUG - HumiOff:manual
2024-05-20 20:20:17,931 - DEBUG - module_setup
2024-05-20 20:20:17,931 - DEBUG - PumpOn:manual
2024-05-20 20:20:18,934 - DEBUG - SMART POT START
2024-05-20 20:20:18,938 - DEBUG - SMART POT START
2024-05-20 20:20:18,944 - DEBUG - LedOn: Auto
2024-05-20 20:20:18,949 - DEBUG - Starting new HTTP connection (1): ceprj.gachon.ac.kr:60007
2024-05-20 20:20:19,486 - DEBUG - http://ceprj.gachon.ac.kr:60007 "POST /api/logs/actuator-log HTTP/1.1" 201 39
2024-05-20 20:20:25,027 - DEBUG - Starting new HTTP connection (1): ceprj.gachon.ac.kr:60007
2024-05-20 20:20:25,071 - DEBUG - http://ceprj.gachon.ac.kr:60007 "POST /api/logs/sensor-logs HTTP/1.1" 201 25
2024-05-20 20:20:25,078 - DEBUG - Starting new HTTP connection (1): ceprj.gachon.ac.kr:60007
2024-05-20 20:20:25,109 - DEBUG - http://ceprj.gachon.ac.kr:60007 "POST /api/logs/sensor-logs HTTP/1.1" 201 25
2024-05-20 20:20:25,116 - DEBUG - Starting new HTTP connection (1): ceprj.gachon.ac.kr:60007
2024-05-20 20:20:25,277 - DEBUG - http://ceprj.gachon.ac.kr:60007 "POST /api/logs/sensor-logs HTTP/1.1" 201 25
2024-05-20 20:20:25,288 - DEBUG - Starting new HTTP connection (1): ceprj.gachon.ac.kr:60007
2024-05-20 20:20:25,340 - DEBUG - http://ceprj.gachon.ac.kr:60007 "POST /api/logs/sensor-logs HTTP/1.1" 201 25
2024-05-20 20:20:25,350 - DEBUG - Starting new HTTP connection (1): ceprj.gachon.ac.kr:60007
2024-05-20 20:20:25,483 - DEBUG - http://ceprj.gachon.ac.kr:60007 "POST /api/logs/actuator-log HTTP/1.1" 201 39
2024-05-20 20:20:25,488 - DEBUG - FanOn:temp_high
2024-05-20 20:20:27,323 - DEBUG - SMART POT CONNETED
2024-05-20 20:20:27,421 - DEBUG - SMART POT CONNETED
2024-05-20 20:20:33,661 - DEBUG - LedOn:manual
2024-05-20 20:20:34,392 - DEBUG - LedOff:manual
2024-05-20 20:20:35,416 - DEBUG - LedOn:manual
2024-05-20 20:20:40,020 - DEBUG - LedOff:manual
2024-05-20 20:20:41,559 - DEBUG - FanOn:manual
2024-05-20 20:20:42,583 - DEBUG - FanOff:manual
2024-05-20 20:20:43,606 - DEBUG - HumiOn:manual
2024-05-20 20:20:46,434 - DEBUG - HumiOff:manual
2024-05-20 20:20:47,458 - DEBUG - LedOn:manual
2024-05-20 20:20:48,628 - DEBUG - BrightChange:manual
2024-05-20 20:20:50,237 - DEBUG - LedOff:manual
2024-05-20 20:20:53,455 - DEBUG - LedOn:manual
2024-05-20 20:20:57,112 - DEBUG - LedOff:manual
2024-05-20 20:21:03,157 - DEBUG - LedOn:manual
2024-05-20 20:21:05,204 - DEBUG - LedOff:manual
2024-05-20 20:21:07,885 - DEBUG - FanOn:manual
2024-05-20 20:21:09,495 - DEBUG - FanOff:manual
2024-05-20 20:21:13,735 - DEBUG - LedOn:manual
2024-05-20 20:21:15,030 - DEBUG - LedOff:manual
2024-05-20 20:21:15,197 - DEBUG - FanOn:manual
2024-05-20 20:21:16,855 - DEBUG - FanOff:manual
2024-05-20 20:21:18,610 - DEBUG - PumpOn:manual
2024-05-20 20:22:12,333 - DEBUG - PumpOn:manual
2024-05-20 20:22:15,209 - DEBUG - PumpOn:manual
2024-05-20 20:23:12,785 - DEBUG - FanOn:manual
2024-05-20 20:26:55,087 - DEBUG - FanOff:manual
2024-05-20 20:26:55,721 - DEBUG - FanOn:manual
2024-05-20 20:27:13,563 - DEBUG - FanOff:manual
2024-05-20 20:27:15,319 - DEBUG - FanOn:manual
2024-05-20 20:28:16,307 - DEBUG - FanOff:manual
2024-05-20 20:28:17,477 - DEBUG - HumiOn:manual
2024-05-20 20:28:18,647 - DEBUG - HumiOff:manual
2024-05-20 20:28:20,099 - DEBUG - LedOn:manual
2024-05-20 20:28:21,182 - DEBUG - LedOff:manual
2024-05-20 20:28:21,621 - DEBUG - PumpOn:manual
2024-05-20 20:28:46,678 - DEBUG - PumpOn:manual
2024-05-20 20:30:43,679 - DEBUG - FanOn:manual
2024-05-20 20:31:37,695 - DEBUG - LedOn:manual
2024-05-20 20:31:39,206 - DEBUG - LedOff:manual
2024-05-20 20:31:40,127 - DEBUG - PumpOn:manual
2024-05-20 20:34:41,534 - DEBUG - LedOn:manual
2024-05-20 20:35:36,769 - DEBUG - FanOff:manual
2024-05-20 20:35:37,500 - DEBUG - PumpOn:manual
2024-05-20 20:35:48,567 - DEBUG - LedOff:manual
2024-05-20 20:35:49,298 - DEBUG - LedOn:manual
2024-05-20 20:35:53,101 - DEBUG - LedOff:manual
2024-05-20 20:35:55,166 - DEBUG - LedOn:manual
2024-05-20 20:36:07,238 - DEBUG - LedOff:manual
2024-05-20 20:36:08,409 - DEBUG - LedOn:manual
2024-05-20 20:36:10,261 - DEBUG - LedOff:manual
2024-05-20 20:36:11,870 - DEBUG - LedOn:manual
2024-05-20 20:36:12,894 - DEBUG - LedOff:manual
2024-05-20 20:36:21,961 - DEBUG - LedOn:manual
2024-05-20 20:36:23,277 - DEBUG - BrightChange:manual
2024-05-20 20:37:38,354 - DEBUG - LedOff:manual
2024-05-20 20:37:38,939 - DEBUG - LedOn:manual
2024-05-20 20:39:20,198 - DEBUG - LedOff:manual
2024-05-20 20:39:20,633 - DEBUG - LedOn:manual
2024-05-20 20:42:13,211 - DEBUG - LedOff:manual
2024-05-20 20:42:14,138 - DEBUG - LedOn:manual
2024-05-20 20:42:16,087 - DEBUG - LedOff:manual
2024-05-20 20:42:16,672 - DEBUG - PumpOn:manual
2024-05-20 20:42:19,256 - DEBUG - LedOn:manual
2024-05-20 20:42:20,280 - DEBUG - LedOff:manual
2024-05-20 20:42:21,158 - DEBUG - FanOn:manual
2024-05-20 20:42:22,620 - DEBUG - FanOff:manual
2024-05-20 20:42:23,351 - DEBUG - HumiOn:manual
2024-05-20 20:43:14,393 - DEBUG - HumiOff:manual
2024-05-20 20:43:17,320 - DEBUG - PumpOn:manual
2024-05-20 20:20:20,508 - DEBUG - module_setup
2024-05-20 20:20:20,509 - DEBUG - PumpOn:manual
2024-05-20 20:20:21,519 - DEBUG - SMART POT START
2024-05-20 20:20:21,529 - DEBUG - SMART POT START
2024-05-20 20:20:21,551 - DEBUG - LedOn: Auto
2024-05-20 20:20:21,570 - DEBUG - Starting new HTTP connection (1): ceprj.gachon.ac.kr:60007
