2024-05-19 19:51:11,011 - DEBUG - module_setup
2024-05-19 19:51:11,012 - DEBUG - PumpOn:manual
2024-05-19 19:51:22,058 - DEBUG - module_setup
2024-05-19 19:51:22,058 - DEBUG - PumpOn:manual
2024-05-19 19:51:23,061 - DEBUG - SMART POT START
2024-05-19 19:53:35,420 - DEBUG - SMART POT STOP
2024-05-19 19:53:35,422 - DEBUG - HumiOff:manual
2024-05-19 19:53:43,026 - DEBUG - module_setup
2024-05-19 19:53:43,027 - DEBUG - PumpOn:manual
2024-05-19 19:53:44,030 - DEBUG - SMART POT START
2024-05-19 19:53:57,227 - DEBUG - SMART POT CONNETED
2024-05-19 19:53:57,325 - DEBUG - SMART POT CONNETED
2024-05-19 19:53:57,471 - DEBUG - SMART POT CONNETED
2024-05-19 19:53:58,153 - DEBUG - SMART POT CONNETED
2024-05-19 19:53:58,690 - DEBUG - SMART POT CONNETED
2024-05-19 19:53:59,372 - DEBUG - SMART POT CONNETED
2024-05-19 19:54:00,103 - DEBUG - SMART POT CONNETED
2024-05-19 19:54:00,786 - DEBUG - SMART POT CONNETED
2024-05-19 19:54:00,884 - DEBUG - SMART POT CONNETED
2024-05-19 19:54:10,829 - DEBUG - Plant_Wirte
2024-05-19 19:54:10,847 - DEBUG - Starting new HTTP connection (1): ceprj.gachon.ac.kr:60007
2024-05-19 19:54:58,337 - DEBUG - SMART POT STOP
2024-05-19 19:54:58,339 - DEBUG - HumiOff:manual
2024-05-19 19:55:05,946 - DEBUG - module_setup
2024-05-19 19:55:05,946 - DEBUG - PumpOn:manual
2024-05-19 19:55:06,949 - DEBUG - SMART POT START
2024-05-19 19:55:52,426 - DEBUG - SMART POT CONNETED
2024-05-19 19:55:52,572 - DEBUG - SMART POT CONNETED
2024-05-19 19:55:53,108 - DEBUG - SMART POT CONNETED
2024-05-19 19:55:53,791 - DEBUG - SMART POT CONNETED
2024-05-19 19:55:53,937 - DEBUG - SMART POT CONNETED
2024-05-19 19:56:00,812 - DEBUG - Plant_Wirte
2024-05-19 19:56:00,828 - DEBUG - Starting new HTTP connection (1): ceprj.gachon.ac.kr:60007
2024-05-19 19:56:00,869 - DEBUG - http://ceprj.gachon.ac.kr:60007 "GET /api/plantdata/plants/name/%EA%B8%88%EA%B3%84%EA%B5%AD HTTP/1.1" 200 451
2024-05-19 19:56:00,878 - DEBUG - SMART POT RESTART
2024-05-19 19:56:00,883 - DEBUG - SMART POT STOP
2024-05-19 19:56:03,886 - DEBUG - SMART POT START
2024-05-19 19:56:03,897 - DEBUG - LedOn: Auto
2024-05-19 19:56:03,905 - DEBUG - Starting new HTTP connection (1): ceprj.gachon.ac.kr:60007
2024-05-19 19:56:03,949 - DEBUG - http://ceprj.gachon.ac.kr:60007 "POST /api/logs/actuator-log HTTP/1.1" 201 39
2024-05-19 19:56:09,497 - DEBUG - Starting new HTTP connection (1): ceprj.gachon.ac.kr:60007
2024-05-19 19:56:09,537 - DEBUG - http://ceprj.gachon.ac.kr:60007 "POST /api/logs/sensor-logs HTTP/1.1" 201 25
2024-05-19 19:56:09,547 - DEBUG - Starting new HTTP connection (1): ceprj.gachon.ac.kr:60007
2024-05-19 19:56:09,592 - DEBUG - http://ceprj.gachon.ac.kr:60007 "POST /api/logs/sensor-logs HTTP/1.1" 201 25
2024-05-19 19:56:09,598 - DEBUG - Starting new HTTP connection (1): ceprj.gachon.ac.kr:60007
2024-05-19 19:56:09,642 - DEBUG - http://ceprj.gachon.ac.kr:60007 "POST /api/logs/sensor-logs HTTP/1.1" 201 25
2024-05-19 19:56:09,648 - DEBUG - Starting new HTTP connection (1): ceprj.gachon.ac.kr:60007
2024-05-19 19:56:09,691 - DEBUG - http://ceprj.gachon.ac.kr:60007 "POST /api/logs/sensor-logs HTTP/1.1" 201 25
2024-05-19 19:56:09,699 - DEBUG - Starting new HTTP connection (1): ceprj.gachon.ac.kr:60007
2024-05-19 19:56:09,749 - DEBUG - http://ceprj.gachon.ac.kr:60007 "POST /api/logs/actuator-log HTTP/1.1" 201 39
2024-05-19 19:56:09,752 - DEBUG - FanOn:humi_high
2024-05-19 19:56:25,187 - DEBUG - AIrequset
2024-05-19 19:56:25,990 - DEBUG - Starting new HTTP connection (1): ceprj.gachon.ac.kr:60007
2024-05-19 19:56:26,198 - DEBUG - http://ceprj.gachon.ac.kr:60007 "POST /api/devices/photo HTTP/1.1" 500 279
2024-05-19 19:56:43,645 - DEBUG - SMART POT STOP
2024-05-19 19:56:43,647 - DEBUG - HumiOff:manual
2024-05-19 19:56:52,296 - DEBUG - module_setup
2024-05-19 19:56:52,297 - DEBUG - PumpOn:manual
2024-05-19 19:56:53,300 - DEBUG - SMART POT START
2024-05-19 19:56:53,303 - DEBUG - SMART POT START
2024-05-19 19:56:53,308 - DEBUG - LedOn: Auto
2024-05-19 19:56:53,313 - DEBUG - Starting new HTTP connection (1): ceprj.gachon.ac.kr:60007
2024-05-19 19:56:53,348 - DEBUG - http://ceprj.gachon.ac.kr:60007 "POST /api/logs/actuator-log HTTP/1.1" 201 39
2024-05-19 19:56:58,890 - DEBUG - Starting new HTTP connection (1): ceprj.gachon.ac.kr:60007
2024-05-19 19:56:58,944 - DEBUG - http://ceprj.gachon.ac.kr:60007 "POST /api/logs/sensor-logs HTTP/1.1" 201 25
2024-05-19 19:56:58,950 - DEBUG - Starting new HTTP connection (1): ceprj.gachon.ac.kr:60007
2024-05-19 19:56:58,988 - DEBUG - http://ceprj.gachon.ac.kr:60007 "POST /api/logs/sensor-logs HTTP/1.1" 201 25
2024-05-19 19:56:58,994 - DEBUG - Starting new HTTP connection (1): ceprj.gachon.ac.kr:60007
2024-05-19 19:56:59,033 - DEBUG - http://ceprj.gachon.ac.kr:60007 "POST /api/logs/sensor-logs HTTP/1.1" 201 25
2024-05-19 19:56:59,041 - DEBUG - Starting new HTTP connection (1): ceprj.gachon.ac.kr:60007
2024-05-19 19:56:59,139 - DEBUG - http://ceprj.gachon.ac.kr:60007 "POST /api/logs/sensor-logs HTTP/1.1" 201 25
2024-05-19 19:56:59,148 - DEBUG - Starting new HTTP connection (1): ceprj.gachon.ac.kr:60007
2024-05-19 19:56:59,342 - DEBUG - http://ceprj.gachon.ac.kr:60007 "POST /api/logs/actuator-log HTTP/1.1" 201 39
2024-05-19 19:56:59,346 - DEBUG - FanOn:humi_high
2024-05-19 19:56:59,780 - DEBUG - SMART POT CONNETED
2024-05-19 19:56:59,878 - DEBUG - SMART POT CONNETED
2024-05-19 19:57:00,024 - DEBUG - SMART POT CONNETED
2024-05-19 19:57:00,706 - DEBUG - SMART POT CONNETED
2024-05-19 19:57:00,804 - DEBUG - SMART POT CONNETED
2024-05-19 19:57:19,768 - DEBUG - SMART POT INIT
2024-05-19 19:57:19,774 - DEBUG - SMART POT STOP
2024-05-19 19:57:54,028 - DEBUG - SMART POT STOP
2024-05-19 19:57:54,030 - DEBUG - HumiOff:manual
2024-05-19 19:55:07,997 - DEBUG - module_setup
2024-05-19 19:55:07,998 - DEBUG - PumpOn:manual
2024-05-19 19:55:09,005 - DEBUG - SMART POT START
2024-05-19 20:00:01,962 - DEBUG - SMART POT CONNETED
2024-05-19 20:00:03,794 - DEBUG - SMART POT STOP
2024-05-19 20:00:03,796 - DEBUG - HumiOff:manual
2024-05-19 20:00:44,634 - DEBUG - module_setup
2024-05-19 20:00:44,635 - DEBUG - PumpOn:manual
2024-05-19 20:00:45,645 - DEBUG - SMART POT START
2024-05-19 20:00:47,241 - DEBUG - SMART POT CONNETED
2024-05-19 20:02:34,205 - DEBUG - Plant_Wirte
2024-05-19 20:02:34,223 - DEBUG - Starting new HTTP connection (1): ceprj.gachon.ac.kr:60007
2024-05-19 20:02:34,274 - DEBUG - http://ceprj.gachon.ac.kr:60007 "GET /api/plantdata/plants/name/%EA%B8%88%EC%A0%84%EC%88%98 HTTP/1.1" 200 500
2024-05-19 20:02:34,282 - DEBUG - SMART POT RESTART
2024-05-19 20:02:34,286 - DEBUG - SMART POT STOP
2024-05-19 20:02:37,290 - DEBUG - SMART POT START
2024-05-19 20:02:37,299 - DEBUG - LedOn: Auto
2024-05-19 20:02:37,308 - DEBUG - Starting new HTTP connection (1): ceprj.gachon.ac.kr:60007
2024-05-19 20:02:37,347 - DEBUG - http://ceprj.gachon.ac.kr:60007 "POST /api/logs/actuator-log HTTP/1.1" 201 39
2024-05-19 20:02:42,887 - DEBUG - Starting new HTTP connection (1): ceprj.gachon.ac.kr:60007
2024-05-19 20:02:42,944 - DEBUG - http://ceprj.gachon.ac.kr:60007 "POST /api/logs/sensor-logs HTTP/1.1" 201 25
2024-05-19 20:02:42,949 - DEBUG - Starting new HTTP connection (1): ceprj.gachon.ac.kr:60007
2024-05-19 20:02:42,999 - DEBUG - http://ceprj.gachon.ac.kr:60007 "POST /api/logs/sensor-logs HTTP/1.1" 201 25
2024-05-19 20:02:43,003 - DEBUG - Starting new HTTP connection (1): ceprj.gachon.ac.kr:60007
2024-05-19 20:02:43,044 - DEBUG - http://ceprj.gachon.ac.kr:60007 "POST /api/logs/sensor-logs HTTP/1.1" 201 25
2024-05-19 20:02:43,050 - DEBUG - Starting new HTTP connection (1): ceprj.gachon.ac.kr:60007
2024-05-19 20:02:43,175 - DEBUG - http://ceprj.gachon.ac.kr:60007 "POST /api/logs/sensor-logs HTTP/1.1" 201 25
2024-05-19 20:02:43,179 - DEBUG - Starting new HTTP connection (1): ceprj.gachon.ac.kr:60007
2024-05-19 20:02:43,291 - DEBUG - http://ceprj.gachon.ac.kr:60007 "POST /api/logs/actuator-log HTTP/1.1" 201 39
2024-05-19 20:02:43,293 - DEBUG - FanOn:temp_high
2024-05-19 20:02:48,163 - DEBUG - SMART POT STOP
2024-05-19 20:02:48,166 - DEBUG - HumiOff:manual
2024-05-19 20:10:36,208 - DEBUG - module_setup
2024-05-19 20:10:36,208 - DEBUG - PumpOn:manual
2024-05-19 20:10:45,047 - DEBUG - module_setup
2024-05-19 20:10:45,048 - DEBUG - PumpOn:manual
2024-05-19 20:10:46,051 - DEBUG - SMART POT START
2024-05-19 20:10:46,054 - DEBUG - SMART POT START
2024-05-19 20:10:46,059 - DEBUG - LedOn: Auto
2024-05-19 20:10:46,065 - DEBUG - Starting new HTTP connection (1): ceprj.gachon.ac.kr:60007
2024-05-19 20:10:46,135 - DEBUG - http://ceprj.gachon.ac.kr:60007 "POST /api/logs/actuator-log HTTP/1.1" 201 39
2024-05-19 20:10:51,676 - DEBUG - Starting new HTTP connection (1): ceprj.gachon.ac.kr:60007
2024-05-19 20:10:51,747 - DEBUG - http://ceprj.gachon.ac.kr:60007 "POST /api/logs/sensor-logs HTTP/1.1" 201 25
2024-05-19 20:10:51,754 - DEBUG - Starting new HTTP connection (1): ceprj.gachon.ac.kr:60007
2024-05-19 20:10:51,978 - DEBUG - http://ceprj.gachon.ac.kr:60007 "POST /api/logs/sensor-logs HTTP/1.1" 201 25
2024-05-19 20:10:51,989 - DEBUG - Starting new HTTP connection (1): ceprj.gachon.ac.kr:60007
2024-05-19 20:10:52,034 - DEBUG - http://ceprj.gachon.ac.kr:60007 "POST /api/logs/sensor-logs HTTP/1.1" 201 25
2024-05-19 20:10:52,042 - DEBUG - Starting new HTTP connection (1): ceprj.gachon.ac.kr:60007
2024-05-19 20:10:52,083 - DEBUG - http://ceprj.gachon.ac.kr:60007 "POST /api/logs/sensor-logs HTTP/1.1" 201 25
2024-05-19 20:10:52,091 - DEBUG - Starting new HTTP connection (1): ceprj.gachon.ac.kr:60007
2024-05-19 20:10:52,144 - DEBUG - http://ceprj.gachon.ac.kr:60007 "POST /api/logs/actuator-log HTTP/1.1" 201 39
2024-05-19 20:10:52,147 - DEBUG - FanOn:temp_high
2024-05-19 20:11:27,527 - DEBUG - SMART POT CONNETED
2024-05-19 20:11:27,624 - DEBUG - SMART POT CONNETED
2024-05-19 20:11:27,722 - DEBUG - SMART POT CONNETED
2024-05-19 20:11:28,404 - DEBUG - SMART POT CONNETED
2024-05-19 20:11:29,087 - DEBUG - SMART POT CONNETED
2024-05-19 20:11:29,623 - DEBUG - SMART POT CONNETED
2024-05-19 20:11:29,769 - DEBUG - SMART POT CONNETED
2024-05-19 20:11:32,987 - DEBUG - AIrequset
2024-05-19 20:11:33,795 - DEBUG - Starting new HTTP connection (1): ceprj.gachon.ac.kr:60007
2024-05-19 20:11:34,038 - DEBUG - http://ceprj.gachon.ac.kr:60007 "POST /api/devices/photo HTTP/1.1" 500 279
2024-05-19 20:12:01,896 - DEBUG - SMART POT INIT
2024-05-19 20:12:01,902 - DEBUG - SMART POT STOP
2024-05-19 20:12:51,867 - DEBUG - SMART POT CONNETED
2024-05-19 20:12:55,279 - DEBUG - SMART POT CONNETED
2024-05-19 20:12:58,351 - DEBUG - AIrequset
2024-05-19 20:12:59,153 - DEBUG - Starting new HTTP connection (1): ceprj.gachon.ac.kr:60007
2024-05-19 20:12:59,397 - DEBUG - http://ceprj.gachon.ac.kr:60007 "POST /api/devices/photo HTTP/1.1" 500 279
2024-05-19 20:14:38,341 - DEBUG - SMART POT CONNETED
2024-05-19 20:14:42,365 - DEBUG - AIrequset
2024-05-19 20:14:43,168 - DEBUG - Starting new HTTP connection (1): ceprj.gachon.ac.kr:60007
2024-05-19 20:14:50,720 - DEBUG - http://ceprj.gachon.ac.kr:60007 "POST /api/devices/photo HTTP/1.1" 201 105
2024-05-19 20:15:21,326 - DEBUG - SMART POT STOP
2024-05-19 20:15:21,328 - DEBUG - HumiOff:manual
2024-05-19 20:18:15,405 - DEBUG - module_setup
2024-05-19 20:18:15,406 - DEBUG - PumpOn:manual
2024-05-19 20:18:16,413 - DEBUG - SMART POT START
2024-05-20 18:40:50,735 - DEBUG - SMART POT CONNETED
2024-05-20 18:40:50,882 - DEBUG - SMART POT CONNETED
2024-05-20 18:40:50,979 - DEBUG - SMART POT CONNETED
2024-05-20 18:42:37,169 - DEBUG - SMART POT CONNETED
2024-05-20 18:42:37,267 - DEBUG - SMART POT CONNETED
2024-05-20 18:42:37,413 - DEBUG - SMART POT CONNETED
2024-05-20 18:42:38,144 - DEBUG - SMART POT CONNETED
2024-05-20 18:42:38,729 - DEBUG - SMART POT CONNETED
2024-05-20 18:42:38,827 - DEBUG - SMART POT CONNETED
2024-05-20 18:43:24,510 - DEBUG - SMART POT CONNETED
2024-05-20 18:43:24,608 - DEBUG - SMART POT CONNETED
2024-05-20 18:43:25,290 - DEBUG - SMART POT CONNETED
2024-05-20 18:45:46,551 - DEBUG - SMART POT CONNETED
2024-05-20 18:45:46,648 - DEBUG - SMART POT CONNETED
2024-05-20 18:45:47,184 - DEBUG - SMART POT CONNETED
2024-05-20 18:45:47,331 - DEBUG - SMART POT CONNETED
2024-05-20 18:47:46,858 - DEBUG - SMART POT CONNETED
2024-05-20 18:50:43,856 - DEBUG - SMART POT CONNETED
2024-05-20 18:50:43,957 - DEBUG - SMART POT CONNETED
2024-05-20 18:50:44,100 - DEBUG - SMART POT CONNETED
2024-05-20 18:50:44,782 - DEBUG - SMART POT CONNETED
2024-05-20 18:50:45,611 - DEBUG - SMART POT CONNETED
2024-05-20 18:50:45,709 - DEBUG - SMART POT CONNETED
2024-05-20 18:56:23,090 - DEBUG - SMART POT CONNETED
2024-05-20 18:56:23,236 - DEBUG - SMART POT CONNETED
2024-05-20 18:56:23,334 - DEBUG - SMART POT CONNETED
2024-05-20 18:56:45,516 - DEBUG - SMART POT INIT
2024-05-20 18:56:45,523 - DEBUG - SMART POT STOP
2024-05-20 18:57:07,197 - DEBUG - SMART POT CONNETED
2024-05-20 18:57:07,801 - DEBUG - SMART POT CONNETED
2024-05-20 18:57:11,312 - DEBUG - AIrequset
2024-05-20 18:57:12,058 - DEBUG - Starting new HTTP connection (1): ceprj.gachon.ac.kr:60007
2024-05-20 18:57:12,417 - DEBUG - http://ceprj.gachon.ac.kr:60007 "POST /api/devices/photo HTTP/1.1" 201 96
